++ /usr/bin/tclsh /usr/share/Modules/libexec/modulecmd.tcl bash load apptainer
ERROR: Unable to locate a modulefile for 'apptainer'
+ eval 'test 0 = 1;'
++ test 0 = 1
+ _mlstatus=1
+ return 1
++ /usr/bin/tclsh /usr/share/Modules/libexec/modulecmd.tcl bash load singularity
ERROR: Unable to locate a modulefile for 'singularity'
+ eval 'test 0 = 1;'
++ test 0 = 1
+ _mlstatus=1
+ return 1
Usando contenedor con: /usr/bin/singularity
mdroguett
host05
/mnt/beegfs/home/mdroguett/Memoria/Evaluaci-n-Num-rica-de-la-Conjetura-de-Oertel-para-el-caso-unidimensional
-rwxr-xr-x. 1 mdroguett puoh 230M Oct 21 13:39 /mnt/beegfs/home/mdroguett/Memoria/Evaluaci-n-Num-rica-de-la-Conjetura-de-Oertel-para-el-caso-unidimensional/ortel.sif
-rw-r--r--. 1 mdroguett puoh 3.1K Oct 21 09:48 main_ortel.py
-rw-r--r--. 1 mdroguett puoh 1.9K Oct 21 11:55 run_ortel_parallel.py
Python 3.10.14
total 230M
-rw-r--r-- 1 mdroguett puoh 1.1K Oct 20 11:32 README.md
drwxr-xr-x 2 mdroguett puoh   16 Oct 20 18:55 __pycache__
drwxr-xr-x 2 mdroguett puoh    7 Oct 20 11:32 basura
-rw-r--r-- 1 mdroguett puoh 4.4K Oct 20 11:32 convex_hull.py
drwxr-xr-x 2 mdroguett puoh    2 Oct 20 11:32 logs
drwxr-xr-x 2 mdroguett puoh   10 Oct 21 21:13 logs_slurm
-rw-r--r-- 1 mdroguett puoh 3.1K Oct 21 09:48 main_ortel.py
-rw-r--r-- 1 mdroguett puoh  802 Oct 21 13:34 ortel.def
-rw-r--r-- 1 mdroguett puoh 1.8K Oct 20 11:32 ortel.py
-rwxr-xr-x 1 mdroguett puoh 230M Oct 21 13:39 ortel.sif
-rw-r--r-- 1 mdroguett puoh   12 Oct 20 11:32 requirements.txt
drwxr-xr-x 3 mdroguett puoh    1 Oct 21 21:01 results
-rwxr-xr-x 1 mdroguett puoh 1.6K Oct 21 21:00 run_ortel.sbatch
-rw-r--r-- 1 mdroguett puoh 1.9K Oct 21 11:55 run_ortel_parallel.py
-rwxr-xr-x 1 mdroguett puoh 1.8K Oct 21 21:13 smoke_ortel.sbatch
drwxr-xr-x 2 mdroguett puoh    0 Oct 21 21:01 tmp_csv
-rw-r--r-- 1 mdroguett puoh 2.4K Oct 20 11:32 vol_reject.py
-rw-r--r-- 1 mdroguett puoh 2.0K Oct 20 11:32 vol_star.py
