=== Nodo: host58 ===
CPUs: 16   Mem: 16384   Time: 
Contenedor: /mnt/beegfs/home/mdroguett/Memoria/Evaluaci-n-Num-rica-de-la-Conjetura-de-Oertel-para-el-caso-unidimensional/ortel.sif
=========================
Python 3.9.24
=== Lanzando 300 jobs con 16 workers ===
[RUN] n_point=5 seed=8
[RUN] n_point=5 seed=27
[RUN] n_point=5 seed=43
[RUN] n_point=5 seed=60
[RUN] n_point=5 seed=73
[RUN] n_point=5 seed=89
[RUN] n_point=8 seed=6
[RUN] n_point=8 seed=24
[RUN] n_point=8 seed=38
[RUN] n_point=8 seed=53
[RUN] n_point=8 seed=67
[RUN] n_point=8 seed=89
[RUN] n_point=11 seed=1
[RUN] n_point=11 seed=13
[RUN] n_point=11 seed=33
[RUN] n_point=11 seed=50
[RUN] n_point=15 seed=20
[RUN] n_point=20 seed=9
[RUN] n_point=5 seed=6
[RUN] n_point=5 seed=32
[RUN] n_point=5 seed=48
[RUN] n_point=5 seed=64
[RUN] n_point=5 seed=80
[RUN] n_point=5 seed=96
[RUN] n_point=8 seed=12
[RUN] n_point=8 seed=28
[RUN] n_point=8 seed=44
[RUN] n_point=8 seed=60
[RUN] n_point=8 seed=76
[RUN] n_point=8 seed=92
[RUN] n_point=11 seed=6
[RUN] n_point=11 seed=20
[RUN] n_point=11 seed=35
[RUN] n_point=15 seed=2
[RUN] n_point=15 seed=16
[RUN] n_point=20 seed=6
[RUN] n_point=5 seed=16
[RUN] n_point=5 seed=25
[RUN] n_point=5 seed=46
[RUN] n_point=5 seed=62
[RUN] n_point=5 seed=77
[RUN] n_point=5 seed=87
[RUN] n_point=8 seed=3
[RUN] n_point=8 seed=20
[RUN] n_point=8 seed=37
[RUN] n_point=8 seed=55
[RUN] n_point=8 seed=74
[RUN] n_point=8 seed=85
[RUN] n_point=8 seed=95
[RUN] n_point=11 seed=11
[RUN] n_point=11 seed=29
[RUN] n_point=11 seed=41
[RUN] n_point=15 seed=11
[RUN] n_point=20 seed=7
[RUN] n_point=5 seed=14
[RUN] n_point=5 seed=19
[RUN] n_point=5 seed=35
[RUN] n_point=5 seed=51
[RUN] n_point=5 seed=67
[RUN] n_point=5 seed=82
[RUN] n_point=5 seed=97
[RUN] n_point=8 seed=14
[RUN] n_point=8 seed=31
[RUN] n_point=8 seed=47
[RUN] n_point=8 seed=64
[RUN] n_point=8 seed=83
[RUN] n_point=11 seed=8
[RUN] n_point=11 seed=24
[RUN] n_point=11 seed=40
[RUN] n_point=15 seed=6
[RUN] n_point=15 seed=22
[RUN] n_point=20 seed=13
[RUN] n_point=5 seed=15
[RUN] n_point=5 seed=23
[RUN] n_point=5 seed=37
[RUN] n_point=5 seed=53
[RUN] n_point=5 seed=72
[RUN] n_point=5 seed=88
[RUN] n_point=8 seed=2
[RUN] n_point=8 seed=15
[RUN] n_point=8 seed=33
[RUN] n_point=8 seed=51
[RUN] n_point=8 seed=65
[RUN] n_point=8 seed=87
[RUN] n_point=8 seed=99
[RUN] n_point=11 seed=15
[RUN] n_point=11 seed=27
[RUN] n_point=11 seed=45
[RUN] n_point=15 seed=10
[RUN] n_point=15 seed=24
[RUN] n_point=20 seed=14
[RUN] n_point=5 seed=3
[RUN] n_point=5 seed=22
[RUN] n_point=5 seed=40
[RUN] n_point=5 seed=55
[RUN] n_point=5 seed=68
[RUN] n_point=5 seed=84
[RUN] n_point=5 seed=99
[RUN] n_point=8 seed=16
[RUN] n_point=8 seed=30
[RUN] n_point=8 seed=45
[RUN] n_point=8 seed=66
[RUN] n_point=8 seed=81
[RUN] n_point=11 seed=2
[RUN] n_point=11 seed=14
[RUN] n_point=11 seed=31
[RUN] n_point=11 seed=43
[RUN] n_point=15 seed=9
[RUN] n_point=15 seed=23
[RUN] n_point=20 seed=16
[RUN] n_point=5 seed=2
[RUN] n_point=5 seed=17
[RUN] n_point=5 seed=34
[RUN] n_point=5 seed=49
[RUN] n_point=5 seed=65
[RUN] n_point=5 seed=81
[RUN] n_point=5 seed=98
[RUN] n_point=8 seed=17
[RUN] n_point=8 seed=42
[RUN] n_point=8 seed=58
[RUN] n_point=8 seed=63
[RUN] n_point=8 seed=80
[RUN] n_point=8 seed=98
[RUN] n_point=11 seed=17
[RUN] n_point=11 seed=38
[RUN] n_point=15 seed=3
[RUN] n_point=15 seed=14
[RUN] n_point=20 seed=11
[RUN] n_point=20 seed=21
[RUN] n_point=5 seed=9
[RUN] n_point=5 seed=20
[RUN] n_point=5 seed=42
[RUN] n_point=5 seed=56
[RUN] n_point=5 seed=75
[RUN] n_point=5 seed=95
[RUN] n_point=8 seed=9
[RUN] n_point=8 seed=22
[RUN] n_point=8 seed=43
[RUN] n_point=8 seed=54
[RUN] n_point=8 seed=70
[RUN] n_point=8 seed=91
[RUN] n_point=11 seed=5
[RUN] n_point=11 seed=18
[RUN] n_point=11 seed=34
[RUN] n_point=15 seed=5
[RUN] n_point=15 seed=17
[RUN] n_point=20 seed=4
[RUN] n_point=20 seed=20
[RUN] n_point=5 seed=1
[RUN] n_point=5 seed=31
[RUN] n_point=5 seed=41
[RUN] n_point=5 seed=57
[RUN] n_point=5 seed=79
[RUN] n_point=5 seed=91
[RUN] n_point=8 seed=7
[RUN] n_point=8 seed=21
[RUN] n_point=8 seed=34
[RUN] n_point=8 seed=46
[RUN] n_point=8 seed=71
[RUN] n_point=8 seed=90
[RUN] n_point=8 seed=97
[RUN] n_point=11 seed=16
[RUN] n_point=11 seed=39
[RUN] n_point=11 seed=49
[RUN] n_point=15 seed=21
[RUN] n_point=20 seed=5
[RUN] n_point=20 seed=17
[RUN] n_point=5 seed=5
[RUN] n_point=5 seed=18
[RUN] n_point=5 seed=36
[RUN] n_point=5 seed=52
[RUN] n_point=5 seed=69
[RUN] n_point=5 seed=85
[RUN] n_point=8 seed=1
[RUN] n_point=8 seed=18
[RUN] n_point=8 seed=39
[RUN] n_point=8 seed=59
[RUN] n_point=8 seed=72
[RUN] n_point=8 seed=82
[RUN] n_point=11 seed=4
[RUN] n_point=11 seed=22
[RUN] n_point=11 seed=28
[RUN] n_point=11 seed=42
[RUN] n_point=15 seed=8
[RUN] n_point=15 seed=25
[RUN] n_point=20 seed=18
[RUN] n_point=5 seed=10
[RUN] n_point=5 seed=24
[RUN] n_point=5 seed=45
[RUN] n_point=5 seed=63
[RUN] n_point=5 seed=78
[RUN] n_point=5 seed=93
[RUN] n_point=8 seed=11
[RUN] n_point=8 seed=25
[RUN] n_point=8 seed=36
[RUN] n_point=8 seed=57
[RUN] n_point=8 seed=73
[RUN] n_point=8 seed=86
[RUN] n_point=8 seed=100
[RUN] n_point=11 seed=9
[RUN] n_point=11 seed=25
[RUN] n_point=11 seed=44
[RUN] n_point=15 seed=7
[RUN] n_point=20 seed=1
[RUN] n_point=20 seed=15
[RUN] n_point=5 seed=13
[RUN] n_point=5 seed=21
[RUN] n_point=5 seed=33
[RUN] n_point=5 seed=50
[RUN] n_point=5 seed=66
[RUN] n_point=5 seed=83
[RUN] n_point=5 seed=100
[RUN] n_point=8 seed=13
[RUN] n_point=8 seed=32
[RUN] n_point=8 seed=48
[RUN] n_point=8 seed=69
[RUN] n_point=8 seed=84
[RUN] n_point=8 seed=94
[RUN] n_point=11 seed=12
[RUN] n_point=11 seed=32
[RUN] n_point=11 seed=47
[RUN] n_point=15 seed=19
[RUN] n_point=20 seed=3
[RUN] n_point=20 seed=19
[RUN] n_point=5 seed=12
[RUN] n_point=5 seed=30
[RUN] n_point=5 seed=47
[RUN] n_point=5 seed=58
[RUN] n_point=5 seed=74
[RUN] n_point=5 seed=90
[RUN] n_point=8 seed=5
[RUN] n_point=8 seed=23
[RUN] n_point=8 seed=41
[RUN] n_point=8 seed=52
[RUN] n_point=8 seed=62
[RUN] n_point=8 seed=78
[RUN] n_point=11 seed=7
[RUN] n_point=11 seed=19
[RUN] n_point=11 seed=37
[RUN] n_point=15 seed=4
[RUN] n_point=15 seed=18
[RUN] n_point=20 seed=2
[RUN] n_point=20 seed=24
[RUN] n_point=5 seed=11
[RUN] n_point=5 seed=28
[RUN] n_point=5 seed=39
[RUN] n_point=5 seed=61
[RUN] n_point=5 seed=71
[RUN] n_point=5 seed=94
[RUN] n_point=8 seed=8
[RUN] n_point=8 seed=26
[RUN] n_point=8 seed=40
[RUN] n_point=8 seed=50
[RUN] n_point=8 seed=68
[RUN] n_point=8 seed=79
[RUN] n_point=8 seed=93
[RUN] n_point=11 seed=10
[RUN] n_point=11 seed=26
[RUN] n_point=11 seed=48
[RUN] n_point=15 seed=15
[RUN] n_point=20 seed=8
[RUN] n_point=20 seed=25
[RUN] n_point=5 seed=7
[RUN] n_point=5 seed=26
[RUN] n_point=5 seed=44
[RUN] n_point=5 seed=59
[RUN] n_point=5 seed=70
[RUN] n_point=5 seed=86
[RUN] n_point=8 seed=4
[RUN] n_point=8 seed=19
[RUN] n_point=8 seed=29
[RUN] n_point=8 seed=49
[RUN] n_point=8 seed=61
[RUN] n_point=8 seed=77
[RUN] n_point=8 seed=96
[RUN] n_point=11 seed=21
[RUN] n_point=11 seed=30
[RUN] n_point=15 seed=1
[RUN] n_point=15 seed=13
[RUN] n_point=20 seed=10
[RUN] n_point=20 seed=23
[RUN] n_point=5 seed=4
[RUN] n_point=5 seed=29
[RUN] n_point=5 seed=38
[RUN] n_point=5 seed=54
[RUN] n_point=5 seed=76
[RUN] n_point=5 seed=92
[RUN] n_point=8 seed=10
[RUN] n_point=8 seed=27
[RUN] n_point=8 seed=35
[RUN] n_point=8 seed=56
[RUN] n_point=8 seed=75
[RUN] n_point=8 seed=88
[RUN] n_point=11 seed=3
[RUN] n_point=11 seed=23
[RUN] n_point=11 seed=36
[RUN] n_point=11 seed=46
[RUN] n_point=15 seed=12
[RUN] n_point=20 seed=12
[RUN] n_point=20 seed=22
[PROGRESS] 20/300
[PROGRESS] 40/300
[PROGRESS] 60/300
[PROGRESS] 80/300
[PROGRESS] 100/300
[PROGRESS] 120/300
[PROGRESS] 140/300
[PROGRESS] 160/300
[PROGRESS] 180/300
[PROGRESS] 200/300
[PROGRESS] 220/300
[PROGRESS] 240/300
[PROGRESS] 260/300
[PROGRESS] 280/300
[PROGRESS] 300/300
[WARN] no hay partes para n_point=5
[WARN] no hay partes para n_point=8
[WARN] no hay partes para n_point=11
[WARN] no hay partes para n_point=15
[WARN] no hay partes para n_point=20
=== FIN: OK=0 ERR=300 ===
=== FIN OK ===
