+ mkdir -p logs_slurm results results/hulls tmp_csv
++ pwd -P
+ ROOT=/mnt/beegfs/home/mdroguett/Memoria/Evaluaci-n-Num-rica-de-la-Conjetura-de-Oertel-para-el-caso-unidimensional
++ readlink -f ortel.sif
+ SIF=/mnt/beegfs/home/mdroguett/Memoria/Evaluaci-n-Num-rica-de-la-Conjetura-de-Oertel-para-el-caso-unidimensional/ortel.sif
+ WORK=/workspace
+ echo '== who/host/pwd =='
+ whoami
+ hostname
+ pwd
+ echo '== apptainer =='
+ module load apptainer
+ true
+ command -v apptainer
+ true
+ apptainer --version
/var/spool/slurm/d/job112331/slurm_script: line 27: apptainer: command not found
+ true
+ echo '== archivos en submit dir =='
+ ls -lh /mnt/beegfs/home/mdroguett/Memoria/Evaluaci-n-Num-rica-de-la-Conjetura-de-Oertel-para-el-caso-unidimensional/ortel.sif
+ ls -lh main_ortel.py run_ortel_parallel.py ortel.sif
+ echo '== probar python dentro del contenedor =='
+ apptainer exec --bind /mnt/beegfs/home/mdroguett/Memoria/Evaluaci-n-Num-rica-de-la-Conjetura-de-Oertel-para-el-caso-unidimensional:/workspace /mnt/beegfs/home/mdroguett/Memoria/Evaluaci-n-Num-rica-de-la-Conjetura-de-Oertel-para-el-caso-unidimensional/ortel.sif bash -lc 'python3 -V || python -V'
/var/spool/slurm/d/job112331/slurm_script: line 35: apptainer: command not found
