=== Ejecutando en nodo host13 ===
Directorio de trabajo: /mnt/beegfs/home/mdroguett/Memoria/Evaluaci-n-Num-rica-de-la-Conjetura-de-Oertel-para-el-caso-unidimensional
Usando contenedor: /mnt/beegfs/home/mdroguett/Memoria/Evaluaci-n-Num-rica-de-la-Conjetura-de-Oertel-para-el-caso-unidimensional/ortel.sif
===============================
Seed 1: BestCP = [1.         0.47903352 0.54114105], F ~= 0.1906688289191237
Seed 2: BestCP = [1.         0.62290627 0.49271648], F ~= 0.1503910504612979
Seed 3: BestCP = [1.         0.52304978 0.55473743], F ~= 0.18829624627469366
Seed 4: BestCP = [1.         0.67534707 0.43646767], F ~= 0.20556628071899488
Seed 5: BestCP = [1.         0.55719045 0.60611649], F ~= 0.16505687673596314
Seed 6: BestCP = [1.         0.40364743 0.55957871], F ~= 0.26603504504276276
Seed 7: BestCP = [1.         0.57364118 0.63874997], F ~= 0.17410198240896402
Seed 8: BestCP = [0.         0.46904014 0.59359552], F ~= 0.1456586772981922
Seed 9: BestCP = [1.         0.5103146  0.55654289], F ~= 0.19873587935300904
Seed 10: BestCP = [1.         0.56036604 0.5843734 ], F ~= 0.2184196927724925
Seed 11: BestCP = [0.         0.43846118 0.51334628], F ~= 0.20502315819477437
Seed 12: BestCP = [1.         0.45361612 0.46814659], F ~= 0.13808234330458263
Seed 13: BestCP = [1.         0.56899583 0.5213835 ], F ~= 0.17383310038962332
Seed 14: BestCP = [2.         0.37408792 0.36515013], F ~= 0.18790459244523477
Seed 15: BestCP = [1.         0.49329337 0.63310886], F ~= 0.20145047971685576
Seed 16: BestCP = [0.         0.41555492 0.50408003], F ~= 0.20126030933934963
Seed 17: BestCP = [1.         0.51945711 0.4488021 ], F ~= 0.22572761080040568
Seed 18: BestCP = [1.         0.58192654 0.50284556], F ~= 0.22338380513563444
Seed 19: BestCP = [1.         0.56841748 0.59761998], F ~= 0.16840686970813637
Seed 20: BestCP = [1.         0.53150934 0.39244495], F ~= 0.18388205574268934
Seed 21: BestCP = [1.         0.56769919 0.47245822], F ~= 0.2308123668192062
Seed 22: BestCP = [1.         0.56876508 0.50192624], F ~= 0.16665508964664674
Seed 23: BestCP = [1.         0.51751803 0.4953332 ], F ~= 0.18145299777057883
Seed 24: BestCP = [1.         0.43813392 0.38422977], F ~= 0.19102833211391435
Seed 25: BestCP = [1.         0.46415616 0.4575593 ], F ~= 0.25421437283214887
Seed 26: BestCP = [1.         0.56977243 0.4999283 ], F ~= 0.197656668852674
Seed 27: BestCP = [1.         0.49950432 0.53761773], F ~= 0.1937759381071103
Seed 28: BestCP = [1.         0.56776844 0.43533168], F ~= 0.19211371529034046
Seed 29: BestCP = [1.         0.53389151 0.48386139], F ~= 0.2084312111670713
Seed 30: BestCP = [1.         0.5037496  0.45491845], F ~= 0.1636173417633245
Seed 31: BestCP = [1.         0.48899831 0.53952063], F ~= 0.28134558890510236
Seed 32: BestCP = [1.         0.33599248 0.48091388], F ~= 0.14812368121618072
Seed 33: BestCP = [1.         0.51789583 0.34622996], F ~= 0.2338905266886629
Seed 34: BestCP = [1.         0.46867572 0.60551583], F ~= 0.22889628728982836
Seed 35: BestCP = [1.         0.63389521 0.53520395], F ~= 0.20089840677077903
Seed 36: BestCP = [1.         0.3957549  0.49437685], F ~= 0.1609685025803467
Seed 37: BestCP = [1.         0.43877965 0.44538793], F ~= 0.17896451670551758
Seed 38: BestCP = [1.         0.46661107 0.35237265], F ~= 0.217234063074949
Seed 39: BestCP = [1.         0.64217937 0.50956761], F ~= 0.21816989507751267
