=== Ejecutando en nodo host03 ===
Directorio de trabajo: /mnt/beegfs/home/mdroguett/Memoria/Evaluaci-n-Num-rica-de-la-Conjetura-de-Oertel-para-el-caso-unidimensional
Usando contenedor: /mnt/beegfs/home/mdroguett/Memoria/Evaluaci-n-Num-rica-de-la-Conjetura-de-Oertel-para-el-caso-unidimensional/ortel.sif
===============================
Seed 1: BestCP = [1.         0.47903352 0.54114105], F ~= 0.20777565676967982
Seed 2: BestCP = [1.         0.62027241 0.50401448], F ~= 0.19626509175681342
Seed 3: BestCP = [1.         0.480747   0.53624493], F ~= 0.2285478347473082
Seed 4: BestCP = [1.         0.59502721 0.52533189], F ~= 0.2189006467746582
Seed 5: BestCP = [1.         0.48050102 0.45475982], F ~= 0.17820422449665246
Seed 6: BestCP = [1.         0.44813329 0.37477569], F ~= 0.1206722902000869
Seed 7: BestCP = [1.         0.44507631 0.50454826], F ~= 0.18669400083535234
Seed 8: BestCP = [1.         0.51019178 0.50796681], F ~= 0.186546196861302
Seed 9: BestCP = [1.         0.5103146  0.55654289], F ~= 0.17108487297649755
Seed 10: BestCP = [1.         0.44596329 0.66174866], F ~= 0.14771216717588934
Seed 11: BestCP = [2.         0.45489261 0.4283726 ], F ~= 0.15414270169528985
Seed 12: BestCP = [1.         0.47864246 0.4889647 ], F ~= 0.14840912675214277
Seed 13: BestCP = [1.         0.55946454 0.43894825], F ~= 0.16152011247433323
Seed 14: BestCP = [1.         0.56671462 0.33693958], F ~= 0.16030209978727597
Seed 15: BestCP = [1.         0.44048492 0.54558621], F ~= 0.20000473838953958
Seed 16: BestCP = [1.         0.42674582 0.45790591], F ~= 0.1187638270667229
Seed 17: BestCP = [1.         0.47384336 0.55258847], F ~= 0.2351188739378044
Seed 18: BestCP = [1.         0.50655007 0.42217408], F ~= 0.17426658968420303
Seed 19: BestCP = [1.         0.44799157 0.46852363], F ~= 0.2117776395194386
Seed 20: BestCP = [1.         0.41879669 0.38163561], F ~= 0.15817403584557377
Seed 21: BestCP = [1.         0.56769919 0.47245822], F ~= 0.16221118115308422
Seed 22: BestCP = [1.         0.44668707 0.59834523], F ~= 0.13894336412939837
Seed 23: BestCP = [1.         0.51751803 0.4953332 ], F ~= 0.23085077871464132
Seed 24: BestCP = [1.         0.42382173 0.47303629], F ~= 0.19583784658729184
Seed 25: BestCP = [1.         0.46415616 0.4575593 ], F ~= 0.17078511564997254
Seed 26: BestCP = [1.         0.47786466 0.48003583], F ~= 0.17666011996438602
Seed 27: BestCP = [1.         0.55050042 0.51866823], F ~= 0.1745524540635307
Seed 28: BestCP = [1.         0.44008573 0.5681203 ], F ~= 0.15813546522553074
Seed 29: BestCP = [1.         0.60977033 0.57752184], F ~= 0.14758663299135302
Seed 30: BestCP = [1.         0.5586245  0.56930846], F ~= 0.2040644552850957
Seed 31: BestCP = [1.         0.41111646 0.51673477], F ~= 0.16754125916333337
Seed 32: BestCP = [1.         0.54255623 0.60122338], F ~= 0.2019490402094745
Seed 33: BestCP = [1.         0.52959504 0.45695646], F ~= 0.23110104908850568
