=== Nodo: host28 ===
CPUs: 16   Mem: 16384   Time: ?
Contenedor: /mnt/beegfs/home/mdroguett/Memoria/Evaluaci-n-Num-rica-de-la-Conjetura-de-Oertel-para-el-caso-unidimensional/ortel.sif
=========================
[INFO] Lanzando 200 corridas en paralelo (max_workers=16)…
[RUN] seed=1 n_point=5
[RUN] seed=3 n_point=5
[RUN] seed=15 n_point=5[RUN] seed=5 n_point=5
[RUN] seed=7 n_point=5[RUN] seed=8 n_point=5
[RUN] seed=10 n_point=5
[RUN] seed=11 n_point=5
[RUN] seed=12 n_point=5[RUN] seed=13 n_point=5[RUN] seed=14 n_point=5
[RUN] seed=16 n_point=5[RUN] seed=2 n_point=5[RUN] seed=4 n_point=5[RUN] seed=6 n_point=5[RUN] seed=9 n_point=5








Seed 9: BestCP = [1.         0.45290911 0.49347433], F ~= 0.4454966666662211
[RUN] seed=17 n_point=5[1/200] OK seed=9 n_point=5

Seed 3: BestCP = [1.         0.480747   0.53624493], F ~= 0.44382333333388957
[2/200] OK seed=3 n_point=5
[RUN] seed=18 n_point=5
Seed 7: BestCP = [1.         0.51488882 0.46620603], F ~= 0.4496233333328837
[3/200] OK seed=7 n_point=5
[RUN] seed=19 n_point=5
Seed 12: BestCP = [1.         0.47864246 0.4889647 ], F ~= 0.46528666666620133
[RUN] seed=20 n_point=5[4/200] OK seed=12 n_point=5

Seed 1: BestCP = [1.         0.52858926 0.45933588], F ~= 0.43074999999956926
[RUN] seed=21 n_point=5
[5/200] OK seed=1 n_point=5
Seed 16: BestCP = [1.         0.51334317 0.45086405], F ~= 0.4363966666672303
[RUN] seed=22 n_point=5
[6/200] OK seed=16 n_point=5
Seed 10: BestCP = [1.         0.52361312 0.46437257], F ~= 0.4396166666672271
[RUN] seed=23 n_point=5[7/200] OK seed=10 n_point=5

Seed 13: BestCP = [1.         0.50697916 0.5074811 ], F ~= 0.4831466666661835
[RUN] seed=24 n_point=5
[8/200] OK seed=13 n_point=5
Seed 4: BestCP = [1.         0.49361983 0.50022619], F ~= 0.4906366666671761
[9/200] OK seed=4 n_point=5
[RUN] seed=25 n_point=5
Seed 15: BestCP = [1.         0.51848133 0.49857497], F ~= 0.477303333332856
[RUN] seed=26 n_point=5[10/200] OK seed=15 n_point=5

Seed 5: BestCP = [1.         0.52996333 0.47717448], F ~= 0.4443866666672224
[RUN] seed=27 n_point=5[11/200] OK seed=5 n_point=5

Seed 2: BestCP = [1.         0.45058454 0.48849857], F ~= 0.4383133333338951
[12/200] OK seed=2 n_point=5[RUN] seed=28 n_point=5

Seed 6: BestCP = [1.         0.47591161 0.53081361], F ~= 0.44395999999955604
[13/200] OK seed=6 n_point=5
[RUN] seed=29 n_point=5
Seed 8: BestCP = [1.         0.53007461 0.61290767], F ~= 0.3639633333329694
[RUN] seed=30 n_point=5
[14/200] OK seed=8 n_point=5
Seed 11: BestCP = [1.         0.55373036 0.4836247 ], F ~= 0.42997000000057006
[15/200] OK seed=11 n_point=5
[RUN] seed=31 n_point=5
Seed 14: BestCP = [1.         0.46221714 0.51241461], F ~= 0.44784000000055224
[16/200] OK seed=14 n_point=5
[RUN] seed=32 n_point=5
Seed 17: BestCP = [1.         0.52012351 0.51731419], F ~= 0.46002333333287326
[17/200] OK seed=17 n_point=5
[RUN] seed=33 n_point=5
Seed 19: BestCP = [1.         0.57264953 0.50159818], F ~= 0.48197966937002235
[18/200] OK seed=19 n_point=5
[RUN] seed=34 n_point=5
Seed 22: BestCP = [1.         0.41272735 0.4975397 ], F ~= 0.4112600000005887
[19/200] OK seed=22 n_point=5
[RUN] seed=35 n_point=5
Seed 18: BestCP = [1.         0.50655007 0.42217408], F ~= 0.41648333333391685
[20/200] OK seed=18 n_point=5
[RUN] seed=36 n_point=5
Seed 21: BestCP = [1.         0.51971464 0.55458904], F ~= 0.426283333332907
[21/200] OK seed=21 n_point=5
[RUN] seed=37 n_point=5
Seed 24: BestCP = [1.         0.46546242 0.45520604], F ~= 0.42142000000057867
[22/200] OK seed=24 n_point=5
[RUN] seed=38 n_point=5
Seed 20: BestCP = [1.         0.47559939 0.48413093], F ~= 0.45756333333287574
[23/200] OK seed=20 n_point=5[RUN] seed=39 n_point=5

Seed 23: BestCP = [1.         0.57835932 0.51817532], F ~= 0.40571666666626094
[24/200] OK seed=23 n_point=5
[RUN] seed=40 n_point=5
Seed 27: BestCP = [1.         0.55050042 0.51866823], F ~= 0.4298566666662368
[25/200] OK seed=27 n_point=5
[RUN] seed=41 n_point=5
Seed 25: BestCP = [1.         0.49191438 0.46630971], F ~= 0.4562466666662104
[26/200] OK seed=25 n_point=5
[RUN] seed=42 n_point=5
Seed 28: BestCP = [1.         0.47974918 0.58234604], F ~= 0.39967999999960024
[27/200] OK seed=28 n_point=5
[RUN] seed=43 n_point=5
Seed 26: BestCP = [1.         0.47786466 0.48003583], F ~= 0.4558866666672108
[28/200] OK seed=26 n_point=5
[RUN] seed=44 n_point=5
Seed 30: BestCP = [1.         0.52137799 0.56868003], F ~= 0.4111466666662555
[RUN] seed=45 n_point=5[29/200] OK seed=30 n_point=5

Seed 31: BestCP = [1.         0.36180226 0.47596611], F ~= 0.34804999999965197
[30/200] OK seed=31 n_point=5
[RUN] seed=46 n_point=5
Seed 32: BestCP = [1.         0.48686901 0.49559356], F ~= 0.4787833333328545
[31/200] OK seed=32 n_point=5
[RUN] seed=47 n_point=5
Seed 29: BestCP = [1.         0.5063223  0.51923403], F ~= 0.4721133333338613
[32/200] OK seed=29 n_point=5
[RUN] seed=48 n_point=5
Seed 33: BestCP = [1.         0.5014462  0.59493505], F ~= 0.4160162923888277
[33/200] OK seed=33 n_point=5
[RUN] seed=49 n_point=5
Seed 34: BestCP = [1.         0.54007654 0.55161299], F ~= 0.4099866666672568
[34/200] OK seed=34 n_point=5
[RUN] seed=50 n_point=5
Seed 35: BestCP = [1.         0.45786799 0.46517329], F ~= 0.4232900000005768
[35/200] OK seed=35 n_point=5
[RUN] seed=51 n_point=5
Seed 38: BestCP = [1.         0.49659705 0.43815128], F ~= 0.43393333333289935
[36/200] OK seed=38 n_point=5
[RUN] seed=52 n_point=5
Seed 40: BestCP = [1.         0.57814386 0.47866015], F ~= 0.4694554855132257
[37/200] OK seed=40 n_point=5
[RUN] seed=53 n_point=5
Seed 43: BestCP = [1.         0.5026809  0.53646543], F ~= 0.45858000000054144
[38/200] OK seed=43 n_point=5
[RUN] seed=54 n_point=5
Seed 39: BestCP = [1.         0.42776812 0.55080484], F ~= 0.3820299999996179
[39/200] OK seed=39 n_point=5
[RUN] seed=55 n_point=5
Seed 36: BestCP = [1.         0.45900875 0.45792829], F ~= 0.41802999999958196
[40/200] OK seed=36 n_point=5
[RUN] seed=56 n_point=5
Seed 37: BestCP = [1.         0.40413625 0.55847898], F ~= 0.3552200000006448
[41/200] OK seed=37 n_point=5
[RUN] seed=57 n_point=5
Seed 46: BestCP = [1.         0.52202648 0.44516716], F ~= 0.42627603725714525
[42/200] OK seed=46 n_point=5
[RUN] seed=58 n_point=5
Seed 41: BestCP = [1.         0.44708407 0.48957405], F ~= 0.4353466666662313
[43/200] OK seed=41 n_point=5
[RUN] seed=59 n_point=5
Seed 42: BestCP = [1.         0.47109621 0.56523611], F ~= 0.4067099999995933
[44/200] OK seed=42 n_point=5
[RUN] seed=60 n_point=5
Seed 44: BestCP = [1.         0.47678738 0.41816677], F ~= 0.39798666666626864
[45/200] OK seed=44 n_point=5
[RUN] seed=61 n_point=5
Seed 47: BestCP = [1.         0.57446875 0.50316013], F ~= 0.4224666666672442
[46/200] OK seed=47 n_point=5
[RUN] seed=62 n_point=5
Seed 45: BestCP = [1.         0.44994822 0.47562816], F ~= 0.425949999999574
[RUN] seed=63 n_point=5
[47/200] OK seed=45 n_point=5
Seed 48: BestCP = [1.         0.57672488 0.48493934], F ~= 0.41017666666625646
[48/200] OK seed=48 n_point=5
[RUN] seed=64 n_point=5
Seed 49: BestCP = [1.         0.4363546  0.50216089], F ~= 0.4341833333328991
[49/200] OK seed=49 n_point=5
[RUN] seed=65 n_point=5
Seed 50: BestCP = [1.         0.42214159 0.50418274], F ~= 0.4185599999995814
[50/200] OK seed=50 n_point=5
[RUN] seed=66 n_point=5
Seed 60: BestCP = [1.         0.50650536 0.58393836], F ~= 0.4111833333339222
[51/200] OK seed=60 n_point=5[RUN] seed=67 n_point=5

Seed 53: BestCP = [1.         0.4947138  0.44517021], F ~= 0.43900000000056094
[52/200] OK seed=53 n_point=5
[RUN] seed=68 n_point=5
Seed 54: BestCP = [1.         0.5197106  0.41278811], F ~= 0.39562333333393773
[RUN] seed=69 n_point=5
[53/200] OK seed=54 n_point=5
Seed 52: BestCP = [1.         0.5742263  0.51954358], F ~= 0.4078299999995922
[RUN] seed=70 n_point=5
[54/200] OK seed=52 n_point=5
Seed 51: BestCP = [1.         0.4377865  0.53037426], F ~= 0.4090000000005911
[55/200] OK seed=51 n_point=5
[RUN] seed=71 n_point=5
Seed 55: BestCP = [1.         0.45367762 0.52864205], F ~= 0.4250566666672416
[56/200] OK seed=55 n_point=5
[RUN] seed=72 n_point=5
Seed 56: BestCP = [1.         0.46570711 0.52319103], F ~= 0.4414099999995586
[57/200] OK seed=56 n_point=5
[RUN] seed=73 n_point=5
Seed 57: BestCP = [1.         0.41799525 0.47926302], F ~= 0.3989300000006011
[58/200] OK seed=57 n_point=5
[RUN] seed=74 n_point=5
Seed 58: BestCP = [1.         0.53429963 0.48233959], F ~= 0.44669000000055337
[59/200] OK seed=58 n_point=5
[RUN] seed=75 n_point=5
Seed 59: BestCP = [1.         0.43956729 0.45089335], F ~= 0.3935199999996064
[60/200] OK seed=59 n_point=5
[RUN] seed=76 n_point=5
Seed 62: BestCP = [1.         0.515235   0.53903417], F ~= 0.4447866666672219
[61/200] OK seed=62 n_point=5[RUN] seed=77 n_point=5

Seed 61: BestCP = [1.         0.47852403 0.57767271], F ~= 0.40289333333293037
[RUN] seed=78 n_point=5
[62/200] OK seed=61 n_point=5
Seed 63: BestCP = [1.         0.49468897 0.48795615], F ~= 0.4793499999995206
[63/200] OK seed=63 n_point=5
[RUN] seed=79 n_point=5
Seed 64: BestCP = [1.         0.53399684 0.40646533], F ~= 0.377766666667289
[64/200] OK seed=64 n_point=5
[RUN] seed=80 n_point=5
Seed 65: BestCP = [1.         0.4919915  0.42933082], F ~= 0.4212866666662453
[65/200] OK seed=65 n_point=5
[RUN] seed=81 n_point=5
Seed 67: BestCP = [1.         0.44421694 0.50846026], F ~= 0.4625031930287704
[66/200] OK seed=67 n_point=5
[RUN] seed=82 n_point=5
Seed 71: BestCP = [1.         0.45496585 0.51433208], F ~= 0.43923999999956076
[67/200] OK seed=71 n_point=5
[RUN] seed=83 n_point=5
Seed 76: BestCP = [1.         0.49653592 0.54941578], F ~= 0.44573333333388765
[68/200] OK seed=76 n_point=5
[RUN] seed=84 n_point=5
Seed 73: BestCP = [1.         0.60294085 0.44091646], F ~= 0.3484800000006516
[69/200] OK seed=73 n_point=5
[RUN] seed=85 n_point=5
Seed 66: BestCP = [1.         0.46912417 0.48267739], F ~= 0.4494066666662172
[70/200] OK seed=66 n_point=5
[RUN] seed=86 n_point=5
Seed 72: BestCP = [1.         0.46745898 0.49229197], F ~= 0.4582499999995417
[71/200] OK seed=72 n_point=5
[RUN] seed=87 n_point=5
Seed 74: BestCP = [1.         0.56483809 0.5245347 ], F ~= 0.41142999999958857
[72/200] OK seed=74 n_point=5
[RUN] seed=88 n_point=5
Seed 75: BestCP = [1.         0.53748541 0.42562324], F ~= 0.3918200000006081
[73/200] OK seed=75 n_point=5
[RUN] seed=89 n_point=5
Seed 68: BestCP = [1.         0.49935237 0.4671095 ], F ~= 0.46473333333286854
[74/200] OK seed=68 n_point=5
[RUN] seed=90 n_point=5
Seed 77: BestCP = [1.         0.5139282  0.52474063], F ~= 0.4596100000005404
[75/200] OK seed=77 n_point=5
[RUN] seed=91 n_point=5
Seed 70: BestCP = [1.         0.39654558 0.52364884], F ~= 0.3780666666662886
[76/200] OK seed=70 n_point=5
[RUN] seed=92 n_point=5
Seed 69: BestCP = [1.         0.46384358 0.52303841], F ~= 0.4396166666672271
[77/200] OK seed=69 n_point=5
[RUN] seed=93 n_point=5
Seed 79: BestCP = [1.         0.50443848 0.57631824], F ~= 0.41955333333391387
[78/200] OK seed=79 n_point=5
[RUN] seed=94 n_point=5
Seed 80: BestCP = [1.         0.51331713 0.49479975], F ~= 0.4786899999995213
[79/200] OK seed=80 n_point=5
[RUN] seed=95 n_point=5
Seed 78: BestCP = [1.         0.50059829 0.48131854], F ~= 0.47816666666618846
[RUN] seed=96 n_point=5
[80/200] OK seed=78 n_point=5
Seed 81: BestCP = [1.         0.44454535 0.5030713 ], F ~= 0.4408366666662258
[81/200] OK seed=81 n_point=5
[RUN] seed=97 n_point=5
Seed 82: BestCP = [1.         0.47431625 0.40750999], F ~= 0.3861966666672805
[82/200] OK seed=82 n_point=5
[RUN] seed=98 n_point=5
Seed 84: BestCP = [1.         0.44761949 0.49941597], F ~= 0.4457500000005543
[83/200] OK seed=84 n_point=5
[RUN] seed=99 n_point=5
Seed 83: BestCP = [1.         0.54541368 0.49757229], F ~= 0.450636666666216
[84/200] OK seed=83 n_point=5
[RUN] seed=100 n_point=5
Seed 85: BestCP = [1.         0.52835627 0.50715627], F ~= 0.4626833333328706
[85/200] OK seed=85 n_point=5
[RUN] seed=1 n_point=8
Seed 88: BestCP = [1.         0.42388188 0.51028284], F ~= 0.4147566666662519
[86/200] OK seed=88 n_point=5
[RUN] seed=2 n_point=8
Seed 86: BestCP = [1.         0.54921357 0.49933929], F ~= 0.4484466666662182
[87/200] OK seed=86 n_point=5
[RUN] seed=3 n_point=8
Seed 89: BestCP = [1.         0.52250825 0.47266491], F ~= 0.4488999999995511
[88/200] OK seed=89 n_point=5
[RUN] seed=4 n_point=8
Seed 87: BestCP = [1.         0.56436569 0.51305591], F ~= 0.42251333333391083
[89/200] OK seed=87 n_point=5
[RUN] seed=5 n_point=8
Seed 91: BestCP = [1.         0.47669061 0.54834219], F ~= 0.4287333333329046
[90/200] OK seed=91 n_point=5
[RUN] seed=6 n_point=8
Seed 92: BestCP = [1.         0.42523532 0.4600803 ], F ~= 0.389323333332944
[91/200] OK seed=92 n_point=5
[RUN] seed=7 n_point=8
Seed 90: BestCP = [1.         0.53495816 0.48533843], F ~= 0.44867666666721795
[92/200] OK seed=90 n_point=5
[RUN] seed=8 n_point=8
Seed 93: BestCP = [1.         0.4920084  0.50845339], F ~= 0.4807966666671859
[93/200] OK seed=93 n_point=5
[RUN] seed=9 n_point=8
Seed 94: BestCP = [1.         0.47057221 0.46927031], F ~= 0.43909333333389433
[94/200] OK seed=94 n_point=5
[RUN] seed=10 n_point=8
Seed 95: BestCP = [1.         0.54571735 0.52137419], F ~= 0.43277333333390067
[95/200] OK seed=95 n_point=5
[RUN] seed=11 n_point=8
Seed 96: BestCP = [1.         0.50327401 0.39940151], F ~= 0.39902666666626757
[96/200] OK seed=96 n_point=5
[RUN] seed=12 n_point=8
Seed 97: BestCP = [1.         0.43231124 0.51948198], F ~= 0.41393333333391946
[97/200] OK seed=97 n_point=5
[RUN] seed=13 n_point=8
Seed 98: BestCP = [1.         0.53801866 0.48992544], F ~= 0.45042333333288287
[98/200] OK seed=98 n_point=5
[RUN] seed=14 n_point=8
Seed 2: BestCP = [1.         0.45058454 0.48849857], F ~= 0.4383133333338951
[99/200] OK seed=2 n_point=8
[RUN] seed=15 n_point=8
Seed 1: BestCP = [1.         0.52858926 0.45933588], F ~= 0.43074999999956926
[100/200] OK seed=1 n_point=8
[RUN] seed=16 n_point=8
Seed 100: BestCP = [1.         0.50157401 0.4663081 ], F ~= 0.46253666666720417
[101/200] OK seed=100 n_point=5
[RUN] seed=17 n_point=8
Seed 99: BestCP = [1.         0.56509163 0.51191596], F ~= 0.4237966666662428
[102/200] OK seed=99 n_point=5
[RUN] seed=18 n_point=8
Seed 5: BestCP = [1.         0.52996333 0.47717448], F ~= 0.4443866666672224
[103/200] OK seed=5 n_point=8
[RUN] seed=19 n_point=8
Seed 3: BestCP = [1.         0.52304978 0.55473743], F ~= 0.451150479677761
[104/200] OK seed=3 n_point=8
[RUN] seed=20 n_point=8
Seed 9: BestCP = [1.         0.45290911 0.49347433], F ~= 0.4454966666662211
[105/200] OK seed=9 n_point=8
[RUN] seed=21 n_point=8
Seed 4: BestCP = [1.         0.49361983 0.50022619], F ~= 0.4906366666671761
[106/200] OK seed=4 n_point=8
[RUN] seed=22 n_point=8
Seed 7: BestCP = [1.         0.51488882 0.46620603], F ~= 0.4496233333328837
[107/200] OK seed=7 n_point=8
[RUN] seed=23 n_point=8
Seed 6: BestCP = [1.         0.47591161 0.53081361], F ~= 0.44395999999955604
[108/200] OK seed=6 n_point=8
[RUN] seed=24 n_point=8
Seed 8: BestCP = [1.         0.53007461 0.61290767], F ~= 0.3639633333329694
[109/200] OK seed=8 n_point=8
[RUN] seed=25 n_point=8
Seed 12: BestCP = [1.         0.47864246 0.4889647 ], F ~= 0.46528666666620133
[110/200] OK seed=12 n_point=8
[RUN] seed=26 n_point=8
Seed 10: BestCP = [1.         0.52361312 0.46437257], F ~= 0.4396166666672271
[111/200] OK seed=10 n_point=8
[RUN] seed=27 n_point=8
Seed 11: BestCP = [1.         0.55373036 0.4836247 ], F ~= 0.42997000000057006
[112/200] OK seed=11 n_point=8
[RUN] seed=28 n_point=8
Seed 13: BestCP = [1.         0.50697916 0.5074811 ], F ~= 0.4831466666661835
[113/200] OK seed=13 n_point=8
[RUN] seed=29 n_point=8
Seed 14: BestCP = [1.         0.46221714 0.51241461], F ~= 0.44784000000055224
[114/200] OK seed=14 n_point=8
[RUN] seed=30 n_point=8
Seed 16: BestCP = [1.         0.51334317 0.45086405], F ~= 0.4363966666672303
[115/200] OK seed=16 n_point=8[RUN] seed=31 n_point=8

Seed 17: BestCP = [1.         0.52012351 0.51731419], F ~= 0.46002333333287326
[116/200] OK seed=17 n_point=8
[RUN] seed=32 n_point=8
Seed 15: BestCP = [1.         0.51848133 0.49857497], F ~= 0.477303333332856
[117/200] OK seed=15 n_point=8
[RUN] seed=33 n_point=8
Seed 20: BestCP = [1.         0.47559939 0.48413093], F ~= 0.45756333333287574
[RUN] seed=34 n_point=8[118/200] OK seed=20 n_point=8

Seed 23: BestCP = [1.         0.5815156  0.43718617], F ~= 0.43857614552611257
[119/200] OK seed=23 n_point=8
[RUN] seed=35 n_point=8
Seed 18: BestCP = [1.         0.50655007 0.42217408], F ~= 0.41648333333391685
[120/200] OK seed=18 n_point=8
[RUN] seed=36 n_point=8
Seed 19: BestCP = [1.         0.57264953 0.50159818], F ~= 0.48197966937002235
[121/200] OK seed=19 n_point=8
[RUN] seed=37 n_point=8
Seed 21: BestCP = [1.         0.51971464 0.55458904], F ~= 0.426283333332907
[122/200] OK seed=21 n_point=8
[RUN] seed=38 n_point=8
Seed 22: BestCP = [1.         0.41272735 0.4975397 ], F ~= 0.4112600000005887
[123/200] OK seed=22 n_point=8
[RUN] seed=39 n_point=8
Seed 24: BestCP = [1.         0.46546242 0.45520604], F ~= 0.42142000000057867
[124/200] OK seed=24 n_point=8
[RUN] seed=40 n_point=8
Seed 25: BestCP = [1.         0.49191438 0.46630971], F ~= 0.4562466666662104
[125/200] OK seed=25 n_point=8
[RUN] seed=41 n_point=8
Seed 26: BestCP = [1.         0.47786466 0.48003583], F ~= 0.4558866666672108
[RUN] seed=42 n_point=8
[126/200] OK seed=26 n_point=8
Seed 28: BestCP = [1.         0.47974918 0.58234604], F ~= 0.39967999999960024
[127/200] OK seed=28 n_point=8
[RUN] seed=43 n_point=8
Seed 27: BestCP = [1.         0.55050042 0.51866823], F ~= 0.4298566666662368
[128/200] OK seed=27 n_point=8
[RUN] seed=44 n_point=8
Seed 29: BestCP = [1.         0.5063223  0.51923403], F ~= 0.4721133333338613
[129/200] OK seed=29 n_point=8
[RUN] seed=45 n_point=8
Seed 31: BestCP = [1.         0.36180226 0.47596611], F ~= 0.34804999999965197
[130/200] OK seed=31 n_point=8
[RUN] seed=46 n_point=8
Seed 32: BestCP = [1.         0.48686901 0.49559356], F ~= 0.4787833333328545
[131/200] OK seed=32 n_point=8
[RUN] seed=47 n_point=8
Seed 30: BestCP = [1.         0.52137799 0.56868003], F ~= 0.4111466666662555
[RUN] seed=48 n_point=8
[132/200] OK seed=30 n_point=8
Seed 33: BestCP = [1.         0.5014462  0.59493505], F ~= 0.4160162923888277
[133/200] OK seed=33 n_point=8
[RUN] seed=49 n_point=8
Seed 34: BestCP = [1.         0.54007654 0.55161299], F ~= 0.4099866666672568
[134/200] OK seed=34 n_point=8
[RUN] seed=50 n_point=8
Seed 35: BestCP = [1.         0.45786799 0.46517329], F ~= 0.4232900000005768
[135/200] OK seed=35 n_point=8
[RUN] seed=51 n_point=8
Seed 36: BestCP = [1.         0.45900875 0.45792829], F ~= 0.41802999999958196
[136/200] OK seed=36 n_point=8
[RUN] seed=52 n_point=8
Seed 40: BestCP = [1.         0.57814386 0.47866015], F ~= 0.4694554855132257
[137/200] OK seed=40 n_point=8
[RUN] seed=53 n_point=8
Seed 37: BestCP = [1.         0.40413625 0.55847898], F ~= 0.3552200000006448
[138/200] OK seed=37 n_point=8
[RUN] seed=54 n_point=8
Seed 39: BestCP = [1.         0.42776812 0.55080484], F ~= 0.3820299999996179
[139/200] OK seed=39 n_point=8
[RUN] seed=55 n_point=8
Seed 38: BestCP = [1.         0.49659705 0.43815128], F ~= 0.43393333333289935
[RUN] seed=56 n_point=8
[140/200] OK seed=38 n_point=8
Seed 41: BestCP = [1.         0.44708407 0.48957405], F ~= 0.4353466666662313
[141/200] OK seed=41 n_point=8
[RUN] seed=57 n_point=8
Seed 42: BestCP = [1.         0.47109621 0.56523611], F ~= 0.4067099999995933
[142/200] OK seed=42 n_point=8
[RUN] seed=58 n_point=8
Seed 43: BestCP = [1.         0.5026809  0.53646543], F ~= 0.45858000000054144
[143/200] OK seed=43 n_point=8
[RUN] seed=59 n_point=8
Seed 44: BestCP = [1.         0.47678738 0.41816677], F ~= 0.39798666666626864
[144/200] OK seed=44 n_point=8
[RUN] seed=60 n_point=8
Seed 45: BestCP = [1.         0.44994822 0.47562816], F ~= 0.425949999999574
[145/200] OK seed=45 n_point=8
[RUN] seed=61 n_point=8
Seed 46: BestCP = [1.         0.52202648 0.44516716], F ~= 0.42627603725714525
[146/200] OK seed=46 n_point=8
[RUN] seed=62 n_point=8
Seed 49: BestCP = [1.         0.60562777 0.43201658], F ~= 0.44903604358699983
[147/200] OK seed=49 n_point=8
[RUN] seed=63 n_point=8
Seed 48: BestCP = [1.         0.57672488 0.48493934], F ~= 0.41017666666625646
[148/200] OK seed=48 n_point=8
[RUN] seed=64 n_point=8
Seed 47: BestCP = [1.         0.57446875 0.50316013], F ~= 0.4224666666672442
[149/200] OK seed=47 n_point=8
[RUN] seed=65 n_point=8
Seed 50: BestCP = [1.         0.42214159 0.50418274], F ~= 0.4185599999995814
[150/200] OK seed=50 n_point=8
[RUN] seed=66 n_point=8
Seed 51: BestCP = [1.         0.4377865  0.53037426], F ~= 0.4090000000005911
[151/200] OK seed=51 n_point=8
[RUN] seed=67 n_point=8
Seed 52: BestCP = [1.         0.5742263  0.51954358], F ~= 0.4078299999995922
[152/200] OK seed=52 n_point=8
[RUN] seed=68 n_point=8
Seed 53: BestCP = [1.         0.4947138  0.44517021], F ~= 0.43900000000056094
[153/200] OK seed=53 n_point=8
[RUN] seed=69 n_point=8
Seed 54: BestCP = [1.         0.5197106  0.41278811], F ~= 0.39562333333393773
[154/200] OK seed=54 n_point=8
[RUN] seed=70 n_point=8
Seed 55: BestCP = [1.         0.45367762 0.52864205], F ~= 0.4250566666672416
[155/200] OK seed=55 n_point=8
[RUN] seed=71 n_point=8
Seed 57: BestCP = [1.         0.41799525 0.47926302], F ~= 0.3989300000006011
[156/200] OK seed=57 n_point=8
[RUN] seed=72 n_point=8
Seed 56: BestCP = [1.         0.46570711 0.52319103], F ~= 0.4414099999995586
[157/200] OK seed=56 n_point=8
[RUN] seed=73 n_point=8
Seed 59: BestCP = [1.         0.43956729 0.45089335], F ~= 0.3935199999996064
[158/200] OK seed=59 n_point=8
[RUN] seed=74 n_point=8
Seed 58: BestCP = [1.         0.53429963 0.48233959], F ~= 0.44669000000055337
[159/200] OK seed=58 n_point=8
[RUN] seed=75 n_point=8
Seed 60: BestCP = [1.         0.50650536 0.58393836], F ~= 0.4111833333339222
[160/200] OK seed=60 n_point=8
[RUN] seed=76 n_point=8
Seed 61: BestCP = [1.         0.47852403 0.57767271], F ~= 0.40289333333293037
[161/200] OK seed=61 n_point=8
[RUN] seed=77 n_point=8
Seed 62: BestCP = [1.         0.515235   0.53903417], F ~= 0.4447866666672219
[162/200] OK seed=62 n_point=8
[RUN] seed=78 n_point=8
Seed 63: BestCP = [1.         0.49468897 0.48795615], F ~= 0.4793499999995206
[163/200] OK seed=63 n_point=8
[RUN] seed=79 n_point=8
Seed 64: BestCP = [1.         0.53399684 0.40646533], F ~= 0.377766666667289
[164/200] OK seed=64 n_point=8
[RUN] seed=80 n_point=8
Seed 65: BestCP = [1.         0.4919915  0.42933082], F ~= 0.4212866666662453
[165/200] OK seed=65 n_point=8
[RUN] seed=81 n_point=8
Seed 66: BestCP = [1.         0.46912417 0.48267739], F ~= 0.4494066666662172
[166/200] OK seed=66 n_point=8
[RUN] seed=82 n_point=8
Seed 68: BestCP = [1.         0.49935237 0.4671095 ], F ~= 0.46473333333286854
[RUN] seed=83 n_point=8[167/200] OK seed=68 n_point=8

Seed 67: BestCP = [1.         0.44421694 0.50846026], F ~= 0.4625031930287704
[168/200] OK seed=67 n_point=8
[RUN] seed=84 n_point=8
Seed 70: BestCP = [1.         0.39654558 0.52364884], F ~= 0.3780666666662886
[169/200] OK seed=70 n_point=8
[RUN] seed=85 n_point=8
Seed 69: BestCP = [1.         0.46384358 0.52303841], F ~= 0.4396166666672271
[170/200] OK seed=69 n_point=8
[RUN] seed=86 n_point=8
Seed 71: BestCP = [1.         0.45496585 0.51433208], F ~= 0.43923999999956076
[171/200] OK seed=71 n_point=8
[RUN] seed=87 n_point=8
Seed 72: BestCP = [1.         0.46745898 0.49229197], F ~= 0.4582499999995417
[172/200] OK seed=72 n_point=8
[RUN] seed=88 n_point=8
Seed 73: BestCP = [1.         0.60294085 0.44091646], F ~= 0.3484800000006516
[173/200] OK seed=73 n_point=8
[RUN] seed=89 n_point=8
Seed 74: BestCP = [1.         0.56483809 0.5245347 ], F ~= 0.41142999999958857
[174/200] OK seed=74 n_point=8
[RUN] seed=90 n_point=8
Seed 75: BestCP = [1.         0.53748541 0.42562324], F ~= 0.3918200000006081
[RUN] seed=91 n_point=8
[175/200] OK seed=75 n_point=8
Seed 76: BestCP = [1.         0.49653592 0.54941578], F ~= 0.44573333333388765
[176/200] OK seed=76 n_point=8
[RUN] seed=92 n_point=8
Seed 77: BestCP = [1.         0.5139282  0.52474063], F ~= 0.4596100000005404
[177/200] OK seed=77 n_point=8
[RUN] seed=93 n_point=8
Seed 78: BestCP = [1.         0.50059829 0.48131854], F ~= 0.47816666666618846
[178/200] OK seed=78 n_point=8
[RUN] seed=94 n_point=8
Seed 79: BestCP = [1.         0.50443848 0.57631824], F ~= 0.41955333333391387
[179/200] OK seed=79 n_point=8
[RUN] seed=95 n_point=8
Seed 80: BestCP = [1.         0.51331713 0.49479975], F ~= 0.4786899999995213
[180/200] OK seed=80 n_point=8
[RUN] seed=96 n_point=8
Seed 82: BestCP = [1.         0.47431625 0.40750999], F ~= 0.3861966666672805
[181/200] OK seed=82 n_point=8
[RUN] seed=97 n_point=8
Seed 81: BestCP = [1.         0.44454535 0.5030713 ], F ~= 0.4408366666662258
[182/200] OK seed=81 n_point=8
[RUN] seed=98 n_point=8
Seed 83: BestCP = [1.         0.6088132  0.48932092], F ~= 0.4812882070093991
[183/200] OK seed=83 n_point=8[RUN] seed=99 n_point=8

Seed 84: BestCP = [1.         0.44761949 0.49941597], F ~= 0.4457500000005543
[184/200] OK seed=84 n_point=8
[RUN] seed=100 n_point=8
Seed 85: BestCP = [1.         0.52835627 0.50715627], F ~= 0.4626833333328706
[185/200] OK seed=85 n_point=8
Seed 86: BestCP = [1.         0.54921357 0.49933929], F ~= 0.4484466666662182
[186/200] OK seed=86 n_point=8
Seed 87: BestCP = [1.         0.56436569 0.51305591], F ~= 0.42251333333391083
[187/200] OK seed=87 n_point=8
Seed 88: BestCP = [1.         0.42388188 0.51028284], F ~= 0.4147566666662519
[188/200] OK seed=88 n_point=8
Seed 90: BestCP = [1.         0.53495816 0.48533843], F ~= 0.44867666666721795
[189/200] OK seed=90 n_point=8
Seed 89: BestCP = [1.         0.52250825 0.47266491], F ~= 0.4488999999995511
[190/200] OK seed=89 n_point=8
Seed 91: BestCP = [1.         0.47669061 0.54834219], F ~= 0.4287333333329046
[191/200] OK seed=91 n_point=8
Seed 92: BestCP = [1.         0.42523532 0.4600803 ], F ~= 0.389323333332944
[192/200] OK seed=92 n_point=8
Seed 93: BestCP = [1.         0.4920084  0.50845339], F ~= 0.4807966666671859
[193/200] OK seed=93 n_point=8
Seed 94: BestCP = [1.         0.47057221 0.46927031], F ~= 0.43909333333389433
[194/200] OK seed=94 n_point=8
Seed 95: BestCP = [1.         0.54571735 0.52137419], F ~= 0.43277333333390067
[195/200] OK seed=95 n_point=8
Seed 98: BestCP = [1.         0.53801866 0.48992544], F ~= 0.45042333333288287
[196/200] OK seed=98 n_point=8
Seed 97: BestCP = [1.         0.43231124 0.51948198], F ~= 0.41393333333391946
[197/200] OK seed=97 n_point=8
Seed 96: BestCP = [1.         0.50327401 0.39940151], F ~= 0.39902666666626757
[198/200] OK seed=96 n_point=8
Seed 99: BestCP = [1.         0.42168035 0.73150545], F ~= 0.39644106528367884
[199/200] OK seed=99 n_point=8
Seed 100: BestCP = [1.         0.50157401 0.4663081 ], F ~= 0.46253666666720417
[200/200] OK seed=100 n_point=8
[INFO] Finalizado: OK=200  ERR=0. Haciendo merge…
[INFO] CSV global: /workspace/results/experiments.csv
[INFO] Hulls (si F<0.18): /workspace/results/hulls
=== FIN ===
