[ERR] n_per_z=5 rid=9d71d460 rc=1
Traceback (most recent call last):
  File "/mnt/beegfs/home/mdroguett/Memoria/Evaluaci-n-Num-rica-de-la-Conjetura-de-Oertel-para-el-caso-unidimensional/main_ortel.py", line 7, in <module>
    import numpy as np
ModuleNotFoundError: No module named 'numpy'
[ERR] n_per_z=5 rid=bd2cd5ea rc=1
[ERR] n_per_z=5 rid=b621bbcb rc=1
Traceback (most recent call last):
  File "/mnt/beegfs/home/mdroguett/Memoria/Evaluaci-n-Num-rica-de-la-Conjetura-de-Oertel-para-el-caso-unidimensional/main_ortel.py", line 7, in <module>
    import numpy as np
ModuleNotFoundError: No module named 'numpy'
Traceback (most recent call last):
  File "/mnt/beegfs/home/mdroguett/Memoria/Evaluaci-n-Num-rica-de-la-Conjetura-de-Oertel-para-el-caso-unidimensional/main_ortel.py", line 7, in <module>
    import numpy as np
ModuleNotFoundError: No module named 'numpy'
[ERR] n_per_z=5 rid=ff219dd4 rc=1
Traceback (most recent call last):
  File "/mnt/beegfs/home/mdroguett/Memoria/Evaluaci-n-Num-rica-de-la-Conjetura-de-Oertel-para-el-caso-unidimensional/main_ortel.py", line 7, in <module>
    import numpy as np
ModuleNotFoundError: No module named 'numpy'
[ERR] n_per_z=5 rid=4557ad53 rc=1
Traceback (most recent call last):
  File "/mnt/beegfs/home/mdroguett/Memoria/Evaluaci-n-Num-rica-de-la-Conjetura-de-Oertel-para-el-caso-unidimensional/main_ortel.py", line 7, in <module>
    import numpy as np
ModuleNotFoundError: No module named 'numpy'
[ERR] n_per_z=5 rid=4d9e20fe rc=1
[ERR] n_per_z=5 rid=500ebab1 rc=1
Traceback (most recent call last):
  File "/mnt/beegfs/home/mdroguett/Memoria/Evaluaci-n-Num-rica-de-la-Conjetura-de-Oertel-para-el-caso-unidimensional/main_ortel.py", line 7, in <module>
    import numpy as np
ModuleNotFoundError: No module named 'numpy'
Traceback (most recent call last):
  File "/mnt/beegfs/home/mdroguett/Memoria/Evaluaci-n-Num-rica-de-la-Conjetura-de-Oertel-para-el-caso-unidimensional/main_ortel.py", line 7, in <module>
    import numpy as np
ModuleNotFoundError: No module named 'numpy'
[ERR] n_per_z=5 rid=2541ec0a rc=1
[ERR] n_per_z=5 rid=21735c52 rc=1
Traceback (most recent call last):
  File "/mnt/beegfs/home/mdroguett/Memoria/Evaluaci-n-Num-rica-de-la-Conjetura-de-Oertel-para-el-caso-unidimensional/main_ortel.py", line 7, in <module>
    import numpy as np
ModuleNotFoundError: No module named 'numpy'
Traceback (most recent call last):
  File "/mnt/beegfs/home/mdroguett/Memoria/Evaluaci-n-Num-rica-de-la-Conjetura-de-Oertel-para-el-caso-unidimensional/main_ortel.py", line 7, in <module>
    import numpy as np
ModuleNotFoundError: No module named 'numpy'
[ERR] n_per_z=5 rid=b02e005e rc=1
[ERR] n_per_z=5 rid=f0f04bce rc=1
Traceback (most recent call last):
  File "/mnt/beegfs/home/mdroguett/Memoria/Evaluaci-n-Num-rica-de-la-Conjetura-de-Oertel-para-el-caso-unidimensional/main_ortel.py", line 7, in <module>
    import numpy as np
ModuleNotFoundError: No module named 'numpy'
Traceback (most recent call last):
  File "/mnt/beegfs/home/mdroguett/Memoria/Evaluaci-n-Num-rica-de-la-Conjetura-de-Oertel-para-el-caso-unidimensional/main_ortel.py", line 7, in <module>
    import numpy as np
ModuleNotFoundError: No module named 'numpy'
[ERR] n_per_z=5 rid=5c7d32f3 rc=1
Traceback (most recent call last):
  File "/mnt/beegfs/home/mdroguett/Memoria/Evaluaci-n-Num-rica-de-la-Conjetura-de-Oertel-para-el-caso-unidimensional/main_ortel.py", line 7, in <module>
    import numpy as np
ModuleNotFoundError: No module named 'numpy'
[ERR] n_per_z=5 rid=8e5ba6eb rc=1
[ERR] n_per_z=5 rid=968e1dd5 rc=1
Traceback (most recent call last):
  File "/mnt/beegfs/home/mdroguett/Memoria/Evaluaci-n-Num-rica-de-la-Conjetura-de-Oertel-para-el-caso-unidimensional/main_ortel.py", line 7, in <module>
    import numpy as np
ModuleNotFoundError: No module named 'numpy'
Traceback (most recent call last):
  File "/mnt/beegfs/home/mdroguett/Memoria/Evaluaci-n-Num-rica-de-la-Conjetura-de-Oertel-para-el-caso-unidimensional/main_ortel.py", line 7, in <module>
    import numpy as np
ModuleNotFoundError: No module named 'numpy'
[ERR] n_per_z=5 rid=cc2d06e9 rc=1
Traceback (most recent call last):
  File "/mnt/beegfs/home/mdroguett/Memoria/Evaluaci-n-Num-rica-de-la-Conjetura-de-Oertel-para-el-caso-unidimensional/main_ortel.py", line 7, in <module>
    import numpy as np
ModuleNotFoundError: No module named 'numpy'
[ERR] n_per_z=5 rid=6531257f rc=1
Traceback (most recent call last):
  File "/mnt/beegfs/home/mdroguett/Memoria/Evaluaci-n-Num-rica-de-la-Conjetura-de-Oertel-para-el-caso-unidimensional/main_ortel.py", line 7, in <module>
    import numpy as np
ModuleNotFoundError: No module named 'numpy'
[ERR] n_per_z=5 rid=b46e4a30 rc=1
Traceback (most recent call last):
  File "/mnt/beegfs/home/mdroguett/Memoria/Evaluaci-n-Num-rica-de-la-Conjetura-de-Oertel-para-el-caso-unidimensional/main_ortel.py", line 7, in <module>
    import numpy as np
ModuleNotFoundError: No module named 'numpy'
[ERR] n_per_z=5 rid=1430e875 rc=1
Traceback (most recent call last):
  File "/mnt/beegfs/home/mdroguett/Memoria/Evaluaci-n-Num-rica-de-la-Conjetura-de-Oertel-para-el-caso-unidimensional/main_ortel.py", line 7, in <module>
    import numpy as np
ModuleNotFoundError: No module named 'numpy'
[ERR] n_per_z=5 rid=91e5b7ed rc=1
Traceback (most recent call last):
  File "/mnt/beegfs/home/mdroguett/Memoria/Evaluaci-n-Num-rica-de-la-Conjetura-de-Oertel-para-el-caso-unidimensional/main_ortel.py", line 7, in <module>
    import numpy as np
ModuleNotFoundError: No module named 'numpy'
[ERR] n_per_z=5 rid=424c4c6c rc=1
Traceback (most recent call last):
  File "/mnt/beegfs/home/mdroguett/Memoria/Evaluaci-n-Num-rica-de-la-Conjetura-de-Oertel-para-el-caso-unidimensional/main_ortel.py", line 7, in <module>
    import numpy as np
ModuleNotFoundError: No module named 'numpy'
[ERR] n_per_z=5 rid=a9bd532a rc=1
Traceback (most recent call last):
  File "/mnt/beegfs/home/mdroguett/Memoria/Evaluaci-n-Num-rica-de-la-Conjetura-de-Oertel-para-el-caso-unidimensional/main_ortel.py", line 7, in <module>
    import numpy as np
ModuleNotFoundError: No module named 'numpy'
[ERR] n_per_z=5 rid=48fcdd8f rc=1
Traceback (most recent call last):
  File "/mnt/beegfs/home/mdroguett/Memoria/Evaluaci-n-Num-rica-de-la-Conjetura-de-Oertel-para-el-caso-unidimensional/main_ortel.py", line 7, in <module>
    import numpy as np
ModuleNotFoundError: No module named 'numpy'
[ERR] n_per_z=5 rid=b94d21db rc=1
[ERR] n_per_z=5 rid=13ebe06f rc=1
Traceback (most recent call last):
  File "/mnt/beegfs/home/mdroguett/Memoria/Evaluaci-n-Num-rica-de-la-Conjetura-de-Oertel-para-el-caso-unidimensional/main_ortel.py", line 7, in <module>
    import numpy as np
ModuleNotFoundError: No module named 'numpy'
Traceback (most recent call last):
  File "/mnt/beegfs/home/mdroguett/Memoria/Evaluaci-n-Num-rica-de-la-Conjetura-de-Oertel-para-el-caso-unidimensional/main_ortel.py", line 7, in <module>
    import numpy as np
ModuleNotFoundError: No module named 'numpy'
[ERR] n_per_z=5 rid=67a9e9cf rc=1
Traceback (most recent call last):
  File "/mnt/beegfs/home/mdroguett/Memoria/Evaluaci-n-Num-rica-de-la-Conjetura-de-Oertel-para-el-caso-unidimensional/main_ortel.py", line 7, in <module>
    import numpy as np
ModuleNotFoundError: No module named 'numpy'
[ERR] n_per_z=5 rid=5ee25ddc rc=1
Traceback (most recent call last):
  File "/mnt/beegfs/home/mdroguett/Memoria/Evaluaci-n-Num-rica-de-la-Conjetura-de-Oertel-para-el-caso-unidimensional/main_ortel.py", line 7, in <module>
    import numpy as np
ModuleNotFoundError: No module named 'numpy'
[ERR] n_per_z=5 rid=2e5536e6 rc=1
Traceback (most recent call last):
  File "/mnt/beegfs/home/mdroguett/Memoria/Evaluaci-n-Num-rica-de-la-Conjetura-de-Oertel-para-el-caso-unidimensional/main_ortel.py", line 7, in <module>
    import numpy as np
ModuleNotFoundError: No module named 'numpy'
[ERR] n_per_z=5 rid=cc557154 rc=1
Traceback (most recent call last):
  File "/mnt/beegfs/home/mdroguett/Memoria/Evaluaci-n-Num-rica-de-la-Conjetura-de-Oertel-para-el-caso-unidimensional/main_ortel.py", line 7, in <module>
    import numpy as np
ModuleNotFoundError: No module named 'numpy'
[ERR] n_per_z=5 rid=10f3f58e rc=1
Traceback (most recent call last):
  File "/mnt/beegfs/home/mdroguett/Memoria/Evaluaci-n-Num-rica-de-la-Conjetura-de-Oertel-para-el-caso-unidimensional/main_ortel.py", line 7, in <module>
    import numpy as np
ModuleNotFoundError: No module named 'numpy'
[ERR] n_per_z=5 rid=b4a8b443 rc=1
Traceback (most recent call last):
  File "/mnt/beegfs/home/mdroguett/Memoria/Evaluaci-n-Num-rica-de-la-Conjetura-de-Oertel-para-el-caso-unidimensional/main_ortel.py", line 7, in <module>
    import numpy as np
ModuleNotFoundError: No module named 'numpy'
[ERR] n_per_z=5 rid=55a6343b rc=1
Traceback (most recent call last):
  File "/mnt/beegfs/home/mdroguett/Memoria/Evaluaci-n-Num-rica-de-la-Conjetura-de-Oertel-para-el-caso-unidimensional/main_ortel.py", line 7, in <module>
    import numpy as np
ModuleNotFoundError: No module named 'numpy'
[ERR] n_per_z=5 rid=31c33aec rc=1
Traceback (most recent call last):
  File "/mnt/beegfs/home/mdroguett/Memoria/Evaluaci-n-Num-rica-de-la-Conjetura-de-Oertel-para-el-caso-unidimensional/main_ortel.py", line 7, in <module>
    import numpy as np
ModuleNotFoundError: No module named 'numpy'
[ERR] n_per_z=5 rid=c38f0c44 rc=1
Traceback (most recent call last):
  File "/mnt/beegfs/home/mdroguett/Memoria/Evaluaci-n-Num-rica-de-la-Conjetura-de-Oertel-para-el-caso-unidimensional/main_ortel.py", line 7, in <module>
    import numpy as np
ModuleNotFoundError: No module named 'numpy'
[ERR] n_per_z=5 rid=28b26a6c rc=1
Traceback (most recent call last):
  File "/mnt/beegfs/home/mdroguett/Memoria/Evaluaci-n-Num-rica-de-la-Conjetura-de-Oertel-para-el-caso-unidimensional/main_ortel.py", line 7, in <module>
    import numpy as np
ModuleNotFoundError: No module named 'numpy'
[ERR] n_per_z=5 rid=1da40e87 rc=1
[ERR] n_per_z=5 rid=11c13913 rc=1
Traceback (most recent call last):
  File "/mnt/beegfs/home/mdroguett/Memoria/Evaluaci-n-Num-rica-de-la-Conjetura-de-Oertel-para-el-caso-unidimensional/main_ortel.py", line 7, in <module>
    import numpy as np
ModuleNotFoundError: No module named 'numpy'
Traceback (most recent call last):
  File "/mnt/beegfs/home/mdroguett/Memoria/Evaluaci-n-Num-rica-de-la-Conjetura-de-Oertel-para-el-caso-unidimensional/main_ortel.py", line 7, in <module>
    import numpy as np
ModuleNotFoundError: No module named 'numpy'
[ERR] n_per_z=5 rid=d4960c99 rc=1
Traceback (most recent call last):
  File "/mnt/beegfs/home/mdroguett/Memoria/Evaluaci-n-Num-rica-de-la-Conjetura-de-Oertel-para-el-caso-unidimensional/main_ortel.py", line 7, in <module>
    import numpy as np
ModuleNotFoundError: No module named 'numpy'
[ERR] n_per_z=5 rid=3718962e rc=1
Traceback (most recent call last):
  File "/mnt/beegfs/home/mdroguett/Memoria/Evaluaci-n-Num-rica-de-la-Conjetura-de-Oertel-para-el-caso-unidimensional/main_ortel.py", line 7, in <module>
    import numpy as np
ModuleNotFoundError: No module named 'numpy'
[ERR] n_per_z=5 rid=11e475d1 rc=1
Traceback (most recent call last):
  File "/mnt/beegfs/home/mdroguett/Memoria/Evaluaci-n-Num-rica-de-la-Conjetura-de-Oertel-para-el-caso-unidimensional/main_ortel.py", line 7, in <module>
    import numpy as np
ModuleNotFoundError: No module named 'numpy'
[ERR] n_per_z=5 rid=49bbf37d rc=1
Traceback (most recent call last):
  File "/mnt/beegfs/home/mdroguett/Memoria/Evaluaci-n-Num-rica-de-la-Conjetura-de-Oertel-para-el-caso-unidimensional/main_ortel.py", line 7, in <module>
    import numpy as np
ModuleNotFoundError: No module named 'numpy'
[ERR] n_per_z=5 rid=d97217bf rc=1
[ERR] n_per_z=5 rid=a83eab97 rc=1
Traceback (most recent call last):
  File "/mnt/beegfs/home/mdroguett/Memoria/Evaluaci-n-Num-rica-de-la-Conjetura-de-Oertel-para-el-caso-unidimensional/main_ortel.py", line 7, in <module>
    import numpy as np
ModuleNotFoundError: No module named 'numpy'
Traceback (most recent call last):
  File "/mnt/beegfs/home/mdroguett/Memoria/Evaluaci-n-Num-rica-de-la-Conjetura-de-Oertel-para-el-caso-unidimensional/main_ortel.py", line 7, in <module>
    import numpy as np
ModuleNotFoundError: No module named 'numpy'
[ERR] n_per_z=5 rid=9b987128 rc=1
Traceback (most recent call last):
  File "/mnt/beegfs/home/mdroguett/Memoria/Evaluaci-n-Num-rica-de-la-Conjetura-de-Oertel-para-el-caso-unidimensional/main_ortel.py", line 7, in <module>
    import numpy as np
ModuleNotFoundError: No module named 'numpy'
[ERR] n_per_z=5 rid=2d16b8b7 rc=1
Traceback (most recent call last):
  File "/mnt/beegfs/home/mdroguett/Memoria/Evaluaci-n-Num-rica-de-la-Conjetura-de-Oertel-para-el-caso-unidimensional/main_ortel.py", line 7, in <module>
    import numpy as np
ModuleNotFoundError: No module named 'numpy'
[ERR] n_per_z=5 rid=48e3a120 rc=1
Traceback (most recent call last):
  File "/mnt/beegfs/home/mdroguett/Memoria/Evaluaci-n-Num-rica-de-la-Conjetura-de-Oertel-para-el-caso-unidimensional/main_ortel.py", line 7, in <module>
    import numpy as np
ModuleNotFoundError: No module named 'numpy'
[ERR] n_per_z=5 rid=7ef12b0f rc=1
Traceback (most recent call last):
  File "/mnt/beegfs/home/mdroguett/Memoria/Evaluaci-n-Num-rica-de-la-Conjetura-de-Oertel-para-el-caso-unidimensional/main_ortel.py", line 7, in <module>
    import numpy as np
ModuleNotFoundError: No module named 'numpy'
[ERR] n_per_z=5 rid=a3662f38 rc=1
Traceback (most recent call last):
  File "/mnt/beegfs/home/mdroguett/Memoria/Evaluaci-n-Num-rica-de-la-Conjetura-de-Oertel-para-el-caso-unidimensional/main_ortel.py", line 7, in <module>
    import numpy as np
ModuleNotFoundError: No module named 'numpy'
[ERR] n_per_z=5 rid=2bcfe3eb rc=1
Traceback (most recent call last):
  File "/mnt/beegfs/home/mdroguett/Memoria/Evaluaci-n-Num-rica-de-la-Conjetura-de-Oertel-para-el-caso-unidimensional/main_ortel.py", line 7, in <module>
    import numpy as np
ModuleNotFoundError: No module named 'numpy'
[ERR] n_per_z=5 rid=2beb7e61 rc=1
Traceback (most recent call last):
  File "/mnt/beegfs/home/mdroguett/Memoria/Evaluaci-n-Num-rica-de-la-Conjetura-de-Oertel-para-el-caso-unidimensional/main_ortel.py", line 7, in <module>
    import numpy as np
ModuleNotFoundError: No module named 'numpy'
[ERR] n_per_z=5 rid=11213181 rc=1
Traceback (most recent call last):
  File "/mnt/beegfs/home/mdroguett/Memoria/Evaluaci-n-Num-rica-de-la-Conjetura-de-Oertel-para-el-caso-unidimensional/main_ortel.py", line 7, in <module>
    import numpy as np
ModuleNotFoundError: No module named 'numpy'
[ERR] n_per_z=8 rid=6349f61d rc=1
[ERR] n_per_z=8 rid=582062e1 rc=1
Traceback (most recent call last):
  File "/mnt/beegfs/home/mdroguett/Memoria/Evaluaci-n-Num-rica-de-la-Conjetura-de-Oertel-para-el-caso-unidimensional/main_ortel.py", line 7, in <module>
    import numpy as np
ModuleNotFoundError: No module named 'numpy'
Traceback (most recent call last):
  File "/mnt/beegfs/home/mdroguett/Memoria/Evaluaci-n-Num-rica-de-la-Conjetura-de-Oertel-para-el-caso-unidimensional/main_ortel.py", line 7, in <module>
    import numpy as np
ModuleNotFoundError: No module named 'numpy'
[ERR] n_per_z=8 rid=a3e551b6 rc=1
Traceback (most recent call last):
  File "/mnt/beegfs/home/mdroguett/Memoria/Evaluaci-n-Num-rica-de-la-Conjetura-de-Oertel-para-el-caso-unidimensional/main_ortel.py", line 7, in <module>
    import numpy as np
ModuleNotFoundError: No module named 'numpy'
[ERR] n_per_z=8 rid=292e79cf rc=1
Traceback (most recent call last):
  File "/mnt/beegfs/home/mdroguett/Memoria/Evaluaci-n-Num-rica-de-la-Conjetura-de-Oertel-para-el-caso-unidimensional/main_ortel.py", line 7, in <module>
    import numpy as np
ModuleNotFoundError: No module named 'numpy'
[ERR] n_per_z=8 rid=3b703eba rc=1
[ERR] n_per_z=8 rid=d6c2e52e rc=1
[ERR] n_per_z=8 rid=d7147c05 rc=1
Traceback (most recent call last):
  File "/mnt/beegfs/home/mdroguett/Memoria/Evaluaci-n-Num-rica-de-la-Conjetura-de-Oertel-para-el-caso-unidimensional/main_ortel.py", line 7, in <module>
    import numpy as np
ModuleNotFoundError: No module named 'numpy'
Traceback (most recent call last):
  File "/mnt/beegfs/home/mdroguett/Memoria/Evaluaci-n-Num-rica-de-la-Conjetura-de-Oertel-para-el-caso-unidimensional/main_ortel.py", line 7, in <module>
    import numpy as np
ModuleNotFoundError: No module named 'numpy'
[ERR] n_per_z=8 rid=3b1993c9 rc=1
Traceback (most recent call last):
  File "/mnt/beegfs/home/mdroguett/Memoria/Evaluaci-n-Num-rica-de-la-Conjetura-de-Oertel-para-el-caso-unidimensional/main_ortel.py", line 7, in <module>
    import numpy as np
ModuleNotFoundError: No module named 'numpy'
[ERR] n_per_z=8 rid=59caf15e rc=1
Traceback (most recent call last):
  File "/mnt/beegfs/home/mdroguett/Memoria/Evaluaci-n-Num-rica-de-la-Conjetura-de-Oertel-para-el-caso-unidimensional/main_ortel.py", line 7, in <module>
    import numpy as np
ModuleNotFoundError: No module named 'numpy'
Traceback (most recent call last):
  File "/mnt/beegfs/home/mdroguett/Memoria/Evaluaci-n-Num-rica-de-la-Conjetura-de-Oertel-para-el-caso-unidimensional/main_ortel.py", line 7, in <module>
    import numpy as np
ModuleNotFoundError: No module named 'numpy'
[ERR] n_per_z=8 rid=f8b4e492 rc=1
[ERR] n_per_z=8 rid=547c8dad rc=1
Traceback (most recent call last):
  File "/mnt/beegfs/home/mdroguett/Memoria/Evaluaci-n-Num-rica-de-la-Conjetura-de-Oertel-para-el-caso-unidimensional/main_ortel.py", line 7, in <module>
    import numpy as np
ModuleNotFoundError: No module named 'numpy'
Traceback (most recent call last):
  File "/mnt/beegfs/home/mdroguett/Memoria/Evaluaci-n-Num-rica-de-la-Conjetura-de-Oertel-para-el-caso-unidimensional/main_ortel.py", line 7, in <module>
    import numpy as np
ModuleNotFoundError: No module named 'numpy'
[ERR] n_per_z=8 rid=cf15b200 rc=1
[ERR] n_per_z=8 rid=ef721019 rc=1
Traceback (most recent call last):
  File "/mnt/beegfs/home/mdroguett/Memoria/Evaluaci-n-Num-rica-de-la-Conjetura-de-Oertel-para-el-caso-unidimensional/main_ortel.py", line 7, in <module>
    import numpy as np
ModuleNotFoundError: No module named 'numpy'
[ERR] n_per_z=8 rid=8d31678e rc=1
Traceback (most recent call last):
  File "/mnt/beegfs/home/mdroguett/Memoria/Evaluaci-n-Num-rica-de-la-Conjetura-de-Oertel-para-el-caso-unidimensional/main_ortel.py", line 7, in <module>
    import numpy as np
ModuleNotFoundError: No module named 'numpy'
Traceback (most recent call last):
  File "/mnt/beegfs/home/mdroguett/Memoria/Evaluaci-n-Num-rica-de-la-Conjetura-de-Oertel-para-el-caso-unidimensional/main_ortel.py", line 7, in <module>
    import numpy as np
ModuleNotFoundError: No module named 'numpy'
[ERR] n_per_z=8 rid=b921c1dc rc=1
Traceback (most recent call last):
  File "/mnt/beegfs/home/mdroguett/Memoria/Evaluaci-n-Num-rica-de-la-Conjetura-de-Oertel-para-el-caso-unidimensional/main_ortel.py", line 7, in <module>
    import numpy as np
ModuleNotFoundError: No module named 'numpy'
[ERR] n_per_z=8 rid=a12115e6 rc=1
Traceback (most recent call last):
  File "/mnt/beegfs/home/mdroguett/Memoria/Evaluaci-n-Num-rica-de-la-Conjetura-de-Oertel-para-el-caso-unidimensional/main_ortel.py", line 7, in <module>
    import numpy as np
ModuleNotFoundError: No module named 'numpy'
[ERR] n_per_z=8 rid=eaefe724 rc=1
Traceback (most recent call last):
  File "/mnt/beegfs/home/mdroguett/Memoria/Evaluaci-n-Num-rica-de-la-Conjetura-de-Oertel-para-el-caso-unidimensional/main_ortel.py", line 7, in <module>
    import numpy as np
ModuleNotFoundError: No module named 'numpy'
[ERR] n_per_z=8 rid=63271a8a rc=1
Traceback (most recent call last):
  File "/mnt/beegfs/home/mdroguett/Memoria/Evaluaci-n-Num-rica-de-la-Conjetura-de-Oertel-para-el-caso-unidimensional/main_ortel.py", line 7, in <module>
    import numpy as np
ModuleNotFoundError: No module named 'numpy'
[ERR] n_per_z=8 rid=eebb8784 rc=1
Traceback (most recent call last):
  File "/mnt/beegfs/home/mdroguett/Memoria/Evaluaci-n-Num-rica-de-la-Conjetura-de-Oertel-para-el-caso-unidimensional/main_ortel.py", line 7, in <module>
    import numpy as np
ModuleNotFoundError: No module named 'numpy'
[ERR] n_per_z=8 rid=da38cd2b rc=1
Traceback (most recent call last):
  File "/mnt/beegfs/home/mdroguett/Memoria/Evaluaci-n-Num-rica-de-la-Conjetura-de-Oertel-para-el-caso-unidimensional/main_ortel.py", line 7, in <module>
    import numpy as np
ModuleNotFoundError: No module named 'numpy'
[ERR] n_per_z=8 rid=9dd7f14a rc=1
Traceback (most recent call last):
  File "/mnt/beegfs/home/mdroguett/Memoria/Evaluaci-n-Num-rica-de-la-Conjetura-de-Oertel-para-el-caso-unidimensional/main_ortel.py", line 7, in <module>
    import numpy as np
ModuleNotFoundError: No module named 'numpy'
[ERR] n_per_z=8 rid=b62bd76f rc=1
Traceback (most recent call last):
  File "/mnt/beegfs/home/mdroguett/Memoria/Evaluaci-n-Num-rica-de-la-Conjetura-de-Oertel-para-el-caso-unidimensional/main_ortel.py", line 7, in <module>
    import numpy as np
ModuleNotFoundError: No module named 'numpy'
[ERR] n_per_z=8 rid=8a2aebc0 rc=1
Traceback (most recent call last):
  File "/mnt/beegfs/home/mdroguett/Memoria/Evaluaci-n-Num-rica-de-la-Conjetura-de-Oertel-para-el-caso-unidimensional/main_ortel.py", line 7, in <module>
    import numpy as np
ModuleNotFoundError: No module named 'numpy'
[ERR] n_per_z=8 rid=d6335018 rc=1
[ERR] n_per_z=8 rid=c599b16d rc=1
Traceback (most recent call last):
  File "/mnt/beegfs/home/mdroguett/Memoria/Evaluaci-n-Num-rica-de-la-Conjetura-de-Oertel-para-el-caso-unidimensional/main_ortel.py", line 7, in <module>
    import numpy as np
ModuleNotFoundError: No module named 'numpy'
Traceback (most recent call last):
  File "/mnt/beegfs/home/mdroguett/Memoria/Evaluaci-n-Num-rica-de-la-Conjetura-de-Oertel-para-el-caso-unidimensional/main_ortel.py", line 7, in <module>
    import numpy as np
ModuleNotFoundError: No module named 'numpy'
[ERR] n_per_z=8 rid=2f5d1f4a rc=1
Traceback (most recent call last):
  File "/mnt/beegfs/home/mdroguett/Memoria/Evaluaci-n-Num-rica-de-la-Conjetura-de-Oertel-para-el-caso-unidimensional/main_ortel.py", line 7, in <module>
    import numpy as np
ModuleNotFoundError: No module named 'numpy'
[ERR] n_per_z=8 rid=eccec2ce rc=1
[ERR] n_per_z=8 rid=16bdd686 rc=1
Traceback (most recent call last):
  File "/mnt/beegfs/home/mdroguett/Memoria/Evaluaci-n-Num-rica-de-la-Conjetura-de-Oertel-para-el-caso-unidimensional/main_ortel.py", line 7, in <module>
    import numpy as np
ModuleNotFoundError: No module named 'numpy'
Traceback (most recent call last):
  File "/mnt/beegfs/home/mdroguett/Memoria/Evaluaci-n-Num-rica-de-la-Conjetura-de-Oertel-para-el-caso-unidimensional/main_ortel.py", line 7, in <module>
    import numpy as np
ModuleNotFoundError: No module named 'numpy'
[ERR] n_per_z=8 rid=ab0c3895 rc=1
Traceback (most recent call last):
  File "/mnt/beegfs/home/mdroguett/Memoria/Evaluaci-n-Num-rica-de-la-Conjetura-de-Oertel-para-el-caso-unidimensional/main_ortel.py", line 7, in <module>
    import numpy as np
ModuleNotFoundError: No module named 'numpy'
[ERR] n_per_z=8 rid=c941a74a rc=1
Traceback (most recent call last):
  File "/mnt/beegfs/home/mdroguett/Memoria/Evaluaci-n-Num-rica-de-la-Conjetura-de-Oertel-para-el-caso-unidimensional/main_ortel.py", line 7, in <module>
    import numpy as np
ModuleNotFoundError: No module named 'numpy'
[ERR] n_per_z=8 rid=14f67c2e rc=1
Traceback (most recent call last):
  File "/mnt/beegfs/home/mdroguett/Memoria/Evaluaci-n-Num-rica-de-la-Conjetura-de-Oertel-para-el-caso-unidimensional/main_ortel.py", line 7, in <module>
    import numpy as np
ModuleNotFoundError: No module named 'numpy'
[ERR] n_per_z=8 rid=1ef91988 rc=1
Traceback (most recent call last):
  File "/mnt/beegfs/home/mdroguett/Memoria/Evaluaci-n-Num-rica-de-la-Conjetura-de-Oertel-para-el-caso-unidimensional/main_ortel.py", line 7, in <module>
    import numpy as np
ModuleNotFoundError: No module named 'numpy'
[ERR] n_per_z=8 rid=ab8e76d5 rc=1
Traceback (most recent call last):
  File "/mnt/beegfs/home/mdroguett/Memoria/Evaluaci-n-Num-rica-de-la-Conjetura-de-Oertel-para-el-caso-unidimensional/main_ortel.py", line 7, in <module>
    import numpy as np
ModuleNotFoundError: No module named 'numpy'
[ERR] n_per_z=8 rid=db7d37a2 rc=1
Traceback (most recent call last):
  File "/mnt/beegfs/home/mdroguett/Memoria/Evaluaci-n-Num-rica-de-la-Conjetura-de-Oertel-para-el-caso-unidimensional/main_ortel.py", line 7, in <module>
    import numpy as np
ModuleNotFoundError: No module named 'numpy'
[ERR] n_per_z=8 rid=164621c5 rc=1
Traceback (most recent call last):
  File "/mnt/beegfs/home/mdroguett/Memoria/Evaluaci-n-Num-rica-de-la-Conjetura-de-Oertel-para-el-caso-unidimensional/main_ortel.py", line 7, in <module>
    import numpy as np
ModuleNotFoundError: No module named 'numpy'
[ERR] n_per_z=8 rid=2566587e rc=1
Traceback (most recent call last):
  File "/mnt/beegfs/home/mdroguett/Memoria/Evaluaci-n-Num-rica-de-la-Conjetura-de-Oertel-para-el-caso-unidimensional/main_ortel.py", line 7, in <module>
    import numpy as np
ModuleNotFoundError: No module named 'numpy'
[ERR] n_per_z=8 rid=171532c5 rc=1
Traceback (most recent call last):
  File "/mnt/beegfs/home/mdroguett/Memoria/Evaluaci-n-Num-rica-de-la-Conjetura-de-Oertel-para-el-caso-unidimensional/main_ortel.py", line 7, in <module>
    import numpy as np
ModuleNotFoundError: No module named 'numpy'
[ERR] n_per_z=8 rid=c4bd899f rc=1
Traceback (most recent call last):
  File "/mnt/beegfs/home/mdroguett/Memoria/Evaluaci-n-Num-rica-de-la-Conjetura-de-Oertel-para-el-caso-unidimensional/main_ortel.py", line 7, in <module>
    import numpy as np
ModuleNotFoundError: No module named 'numpy'
[ERR] n_per_z=8 rid=e9f6e8b4 rc=1
Traceback (most recent call last):
  File "/mnt/beegfs/home/mdroguett/Memoria/Evaluaci-n-Num-rica-de-la-Conjetura-de-Oertel-para-el-caso-unidimensional/main_ortel.py", line 7, in <module>
    import numpy as np
ModuleNotFoundError: No module named 'numpy'
[ERR] n_per_z=8 rid=9b643ed6 rc=1
Traceback (most recent call last):
  File "/mnt/beegfs/home/mdroguett/Memoria/Evaluaci-n-Num-rica-de-la-Conjetura-de-Oertel-para-el-caso-unidimensional/main_ortel.py", line 7, in <module>
    import numpy as np
ModuleNotFoundError: No module named 'numpy'
[ERR] n_per_z=8 rid=cdb3b127 rc=1
Traceback (most recent call last):
  File "/mnt/beegfs/home/mdroguett/Memoria/Evaluaci-n-Num-rica-de-la-Conjetura-de-Oertel-para-el-caso-unidimensional/main_ortel.py", line 7, in <module>
    import numpy as np
ModuleNotFoundError: No module named 'numpy'
[ERR] n_per_z=8 rid=a3270b25 rc=1
Traceback (most recent call last):
  File "/mnt/beegfs/home/mdroguett/Memoria/Evaluaci-n-Num-rica-de-la-Conjetura-de-Oertel-para-el-caso-unidimensional/main_ortel.py", line 7, in <module>
    import numpy as np
ModuleNotFoundError: No module named 'numpy'
[ERR] n_per_z=8 rid=37defc8d rc=1
Traceback (most recent call last):
  File "/mnt/beegfs/home/mdroguett/Memoria/Evaluaci-n-Num-rica-de-la-Conjetura-de-Oertel-para-el-caso-unidimensional/main_ortel.py", line 7, in <module>
    import numpy as np
ModuleNotFoundError: No module named 'numpy'
[ERR] n_per_z=8 rid=842fa9be rc=1
Traceback (most recent call last):
  File "/mnt/beegfs/home/mdroguett/Memoria/Evaluaci-n-Num-rica-de-la-Conjetura-de-Oertel-para-el-caso-unidimensional/main_ortel.py", line 7, in <module>
    import numpy as np
ModuleNotFoundError: No module named 'numpy'
[ERR] n_per_z=8 rid=e7c9eed3 rc=1
Traceback (most recent call last):
  File "/mnt/beegfs/home/mdroguett/Memoria/Evaluaci-n-Num-rica-de-la-Conjetura-de-Oertel-para-el-caso-unidimensional/main_ortel.py", line 7, in <module>
    import numpy as np
ModuleNotFoundError: No module named 'numpy'
[ERR] n_per_z=8 rid=40769659 rc=1
Traceback (most recent call last):
  File "/mnt/beegfs/home/mdroguett/Memoria/Evaluaci-n-Num-rica-de-la-Conjetura-de-Oertel-para-el-caso-unidimensional/main_ortel.py", line 7, in <module>
    import numpy as np
ModuleNotFoundError: No module named 'numpy'
[ERR] n_per_z=8 rid=cc4e9bce rc=1
Traceback (most recent call last):
  File "/mnt/beegfs/home/mdroguett/Memoria/Evaluaci-n-Num-rica-de-la-Conjetura-de-Oertel-para-el-caso-unidimensional/main_ortel.py", line 7, in <module>
    import numpy as np
ModuleNotFoundError: No module named 'numpy'
[ERR] n_per_z=8 rid=009e0dc0 rc=1
Traceback (most recent call last):
  File "/mnt/beegfs/home/mdroguett/Memoria/Evaluaci-n-Num-rica-de-la-Conjetura-de-Oertel-para-el-caso-unidimensional/main_ortel.py", line 7, in <module>
    import numpy as np
ModuleNotFoundError: No module named 'numpy'
[ERR] n_per_z=8 rid=d3dfa994 rc=1
Traceback (most recent call last):
  File "/mnt/beegfs/home/mdroguett/Memoria/Evaluaci-n-Num-rica-de-la-Conjetura-de-Oertel-para-el-caso-unidimensional/main_ortel.py", line 7, in <module>
    import numpy as np
ModuleNotFoundError: No module named 'numpy'
[ERR] n_per_z=8 rid=d37de423 rc=1
Traceback (most recent call last):
  File "/mnt/beegfs/home/mdroguett/Memoria/Evaluaci-n-Num-rica-de-la-Conjetura-de-Oertel-para-el-caso-unidimensional/main_ortel.py", line 7, in <module>
    import numpy as np
ModuleNotFoundError: No module named 'numpy'
[ERR] n_per_z=11 rid=a182d2e1 rc=1
Traceback (most recent call last):
  File "/mnt/beegfs/home/mdroguett/Memoria/Evaluaci-n-Num-rica-de-la-Conjetura-de-Oertel-para-el-caso-unidimensional/main_ortel.py", line 7, in <module>
    import numpy as np
ModuleNotFoundError: No module named 'numpy'
[ERR] n_per_z=11 rid=ec676a2a rc=1
[ERR] n_per_z=11 rid=3ac2d3fa rc=1
Traceback (most recent call last):
  File "/mnt/beegfs/home/mdroguett/Memoria/Evaluaci-n-Num-rica-de-la-Conjetura-de-Oertel-para-el-caso-unidimensional/main_ortel.py", line 7, in <module>
    import numpy as np
ModuleNotFoundError: No module named 'numpy'
Traceback (most recent call last):
  File "/mnt/beegfs/home/mdroguett/Memoria/Evaluaci-n-Num-rica-de-la-Conjetura-de-Oertel-para-el-caso-unidimensional/main_ortel.py", line 7, in <module>
    import numpy as np
ModuleNotFoundError: No module named 'numpy'
[ERR] n_per_z=11 rid=a1632acd rc=1
Traceback (most recent call last):
  File "/mnt/beegfs/home/mdroguett/Memoria/Evaluaci-n-Num-rica-de-la-Conjetura-de-Oertel-para-el-caso-unidimensional/main_ortel.py", line 7, in <module>
    import numpy as np
ModuleNotFoundError: No module named 'numpy'
[ERR] n_per_z=11 rid=67a52737 rc=1
Traceback (most recent call last):
  File "/mnt/beegfs/home/mdroguett/Memoria/Evaluaci-n-Num-rica-de-la-Conjetura-de-Oertel-para-el-caso-unidimensional/main_ortel.py", line 7, in <module>
    import numpy as np
ModuleNotFoundError: No module named 'numpy'
[ERR] n_per_z=11 rid=e57f4b77 rc=1
Traceback (most recent call last):
  File "/mnt/beegfs/home/mdroguett/Memoria/Evaluaci-n-Num-rica-de-la-Conjetura-de-Oertel-para-el-caso-unidimensional/main_ortel.py", line 7, in <module>
    import numpy as np
ModuleNotFoundError: No module named 'numpy'
[ERR] n_per_z=11 rid=081e92bb rc=1
Traceback (most recent call last):
  File "/mnt/beegfs/home/mdroguett/Memoria/Evaluaci-n-Num-rica-de-la-Conjetura-de-Oertel-para-el-caso-unidimensional/main_ortel.py", line 7, in <module>
    import numpy as np
ModuleNotFoundError: No module named 'numpy'
[ERR] n_per_z=11 rid=8ef037de rc=1
[ERR] n_per_z=11 rid=27b3db57 rc=1
Traceback (most recent call last):
  File "/mnt/beegfs/home/mdroguett/Memoria/Evaluaci-n-Num-rica-de-la-Conjetura-de-Oertel-para-el-caso-unidimensional/main_ortel.py", line 7, in <module>
    import numpy as np
ModuleNotFoundError: No module named 'numpy'
Traceback (most recent call last):
  File "/mnt/beegfs/home/mdroguett/Memoria/Evaluaci-n-Num-rica-de-la-Conjetura-de-Oertel-para-el-caso-unidimensional/main_ortel.py", line 7, in <module>
    import numpy as np
ModuleNotFoundError: No module named 'numpy'
[ERR] n_per_z=11 rid=ad8e402c rc=1
Traceback (most recent call last):
  File "/mnt/beegfs/home/mdroguett/Memoria/Evaluaci-n-Num-rica-de-la-Conjetura-de-Oertel-para-el-caso-unidimensional/main_ortel.py", line 7, in <module>
    import numpy as np
ModuleNotFoundError: No module named 'numpy'
[ERR] n_per_z=11 rid=62cebb13 rc=1
Traceback (most recent call last):
  File "/mnt/beegfs/home/mdroguett/Memoria/Evaluaci-n-Num-rica-de-la-Conjetura-de-Oertel-para-el-caso-unidimensional/main_ortel.py", line 7, in <module>
    import numpy as np
ModuleNotFoundError: No module named 'numpy'
[ERR] n_per_z=11 rid=4e6cd1e1 rc=1
Traceback (most recent call last):
  File "/mnt/beegfs/home/mdroguett/Memoria/Evaluaci-n-Num-rica-de-la-Conjetura-de-Oertel-para-el-caso-unidimensional/main_ortel.py", line 7, in <module>
    import numpy as np
ModuleNotFoundError: No module named 'numpy'
[ERR] n_per_z=11 rid=cfd6eeb2 rc=1
[ERR] n_per_z=11 rid=3f5c6a6f rc=1
Traceback (most recent call last):
  File "/mnt/beegfs/home/mdroguett/Memoria/Evaluaci-n-Num-rica-de-la-Conjetura-de-Oertel-para-el-caso-unidimensional/main_ortel.py", line 7, in <module>
    import numpy as np
ModuleNotFoundError: No module named 'numpy'
Traceback (most recent call last):
  File "/mnt/beegfs/home/mdroguett/Memoria/Evaluaci-n-Num-rica-de-la-Conjetura-de-Oertel-para-el-caso-unidimensional/main_ortel.py", line 7, in <module>
    import numpy as np
ModuleNotFoundError: No module named 'numpy'
[ERR] n_per_z=11 rid=e84e23a4 rc=1
Traceback (most recent call last):
  File "/mnt/beegfs/home/mdroguett/Memoria/Evaluaci-n-Num-rica-de-la-Conjetura-de-Oertel-para-el-caso-unidimensional/main_ortel.py", line 7, in <module>
    import numpy as np
ModuleNotFoundError: No module named 'numpy'
[ERR] n_per_z=11 rid=f400fd21 rc=1
Traceback (most recent call last):
  File "/mnt/beegfs/home/mdroguett/Memoria/Evaluaci-n-Num-rica-de-la-Conjetura-de-Oertel-para-el-caso-unidimensional/main_ortel.py", line 7, in <module>
    import numpy as np
ModuleNotFoundError: No module named 'numpy'
[ERR] n_per_z=11 rid=6af0e8c9 rc=1
Traceback (most recent call last):
  File "/mnt/beegfs/home/mdroguett/Memoria/Evaluaci-n-Num-rica-de-la-Conjetura-de-Oertel-para-el-caso-unidimensional/main_ortel.py", line 7, in <module>
    import numpy as np
ModuleNotFoundError: No module named 'numpy'
[ERR] n_per_z=11 rid=8cef3232 rc=1
Traceback (most recent call last):
  File "/mnt/beegfs/home/mdroguett/Memoria/Evaluaci-n-Num-rica-de-la-Conjetura-de-Oertel-para-el-caso-unidimensional/main_ortel.py", line 7, in <module>
    import numpy as np
ModuleNotFoundError: No module named 'numpy'
[ERR] n_per_z=11 rid=7d3ac6c0 rc=1
[ERR] n_per_z=11 rid=456192f7 rc=1
Traceback (most recent call last):
  File "/mnt/beegfs/home/mdroguett/Memoria/Evaluaci-n-Num-rica-de-la-Conjetura-de-Oertel-para-el-caso-unidimensional/main_ortel.py", line 7, in <module>
    import numpy as np
ModuleNotFoundError: No module named 'numpy'
Traceback (most recent call last):
  File "/mnt/beegfs/home/mdroguett/Memoria/Evaluaci-n-Num-rica-de-la-Conjetura-de-Oertel-para-el-caso-unidimensional/main_ortel.py", line 7, in <module>
    import numpy as np
ModuleNotFoundError: No module named 'numpy'
[ERR] n_per_z=11 rid=ec2721fc rc=1
Traceback (most recent call last):
  File "/mnt/beegfs/home/mdroguett/Memoria/Evaluaci-n-Num-rica-de-la-Conjetura-de-Oertel-para-el-caso-unidimensional/main_ortel.py", line 7, in <module>
    import numpy as np
ModuleNotFoundError: No module named 'numpy'
[ERR] n_per_z=11 rid=10d11175 rc=1
Traceback (most recent call last):
  File "/mnt/beegfs/home/mdroguett/Memoria/Evaluaci-n-Num-rica-de-la-Conjetura-de-Oertel-para-el-caso-unidimensional/main_ortel.py", line 7, in <module>
    import numpy as np
ModuleNotFoundError: No module named 'numpy'
[ERR] n_per_z=11 rid=ab0bf949 rc=1
Traceback (most recent call last):
  File "/mnt/beegfs/home/mdroguett/Memoria/Evaluaci-n-Num-rica-de-la-Conjetura-de-Oertel-para-el-caso-unidimensional/main_ortel.py", line 7, in <module>
    import numpy as np
ModuleNotFoundError: No module named 'numpy'
[ERR] n_per_z=11 rid=19b9ef76 rc=1
Traceback (most recent call last):
  File "/mnt/beegfs/home/mdroguett/Memoria/Evaluaci-n-Num-rica-de-la-Conjetura-de-Oertel-para-el-caso-unidimensional/main_ortel.py", line 7, in <module>
    import numpy as np
ModuleNotFoundError: No module named 'numpy'
[ERR] n_per_z=11 rid=8b4bc046 rc=1
Traceback (most recent call last):
  File "/mnt/beegfs/home/mdroguett/Memoria/Evaluaci-n-Num-rica-de-la-Conjetura-de-Oertel-para-el-caso-unidimensional/main_ortel.py", line 7, in <module>
    import numpy as np
ModuleNotFoundError: No module named 'numpy'
[ERR] n_per_z=15 rid=2d9253ca rc=1
Traceback (most recent call last):
  File "/mnt/beegfs/home/mdroguett/Memoria/Evaluaci-n-Num-rica-de-la-Conjetura-de-Oertel-para-el-caso-unidimensional/main_ortel.py", line 7, in <module>
    import numpy as np
ModuleNotFoundError: No module named 'numpy'
[ERR] n_per_z=15 rid=7447403f rc=1
Traceback (most recent call last):
  File "/mnt/beegfs/home/mdroguett/Memoria/Evaluaci-n-Num-rica-de-la-Conjetura-de-Oertel-para-el-caso-unidimensional/main_ortel.py", line 7, in <module>
    import numpy as np
ModuleNotFoundError: No module named 'numpy'
[ERR] n_per_z=15 rid=d00af191 rc=1
[ERR] n_per_z=15 rid=a54912e2 rc=1
Traceback (most recent call last):
  File "/mnt/beegfs/home/mdroguett/Memoria/Evaluaci-n-Num-rica-de-la-Conjetura-de-Oertel-para-el-caso-unidimensional/main_ortel.py", line 7, in <module>
    import numpy as np
ModuleNotFoundError: No module named 'numpy'
Traceback (most recent call last):
  File "/mnt/beegfs/home/mdroguett/Memoria/Evaluaci-n-Num-rica-de-la-Conjetura-de-Oertel-para-el-caso-unidimensional/main_ortel.py", line 7, in <module>
    import numpy as np
ModuleNotFoundError: No module named 'numpy'
[ERR] n_per_z=15 rid=969f2a8e rc=1
Traceback (most recent call last):
  File "/mnt/beegfs/home/mdroguett/Memoria/Evaluaci-n-Num-rica-de-la-Conjetura-de-Oertel-para-el-caso-unidimensional/main_ortel.py", line 7, in <module>
    import numpy as np
ModuleNotFoundError: No module named 'numpy'
[ERR] n_per_z=15 rid=f6cf6ce5 rc=1
Traceback (most recent call last):
  File "/mnt/beegfs/home/mdroguett/Memoria/Evaluaci-n-Num-rica-de-la-Conjetura-de-Oertel-para-el-caso-unidimensional/main_ortel.py", line 7, in <module>
    import numpy as np
ModuleNotFoundError: No module named 'numpy'
[ERR] n_per_z=15 rid=1336f6e9 rc=1
Traceback (most recent call last):
  File "/mnt/beegfs/home/mdroguett/Memoria/Evaluaci-n-Num-rica-de-la-Conjetura-de-Oertel-para-el-caso-unidimensional/main_ortel.py", line 7, in <module>
    import numpy as np
ModuleNotFoundError: No module named 'numpy'
[ERR] n_per_z=15 rid=acf0f6c6 rc=1
Traceback (most recent call last):
  File "/mnt/beegfs/home/mdroguett/Memoria/Evaluaci-n-Num-rica-de-la-Conjetura-de-Oertel-para-el-caso-unidimensional/main_ortel.py", line 7, in <module>
    import numpy as np
ModuleNotFoundError: No module named 'numpy'
[ERR] n_per_z=15 rid=78ecfee8 rc=1
[ERR] n_per_z=15 rid=395e6317 rc=1
Traceback (most recent call last):
  File "/mnt/beegfs/home/mdroguett/Memoria/Evaluaci-n-Num-rica-de-la-Conjetura-de-Oertel-para-el-caso-unidimensional/main_ortel.py", line 7, in <module>
    import numpy as np
ModuleNotFoundError: No module named 'numpy'
Traceback (most recent call last):
  File "/mnt/beegfs/home/mdroguett/Memoria/Evaluaci-n-Num-rica-de-la-Conjetura-de-Oertel-para-el-caso-unidimensional/main_ortel.py", line 7, in <module>
    import numpy as np
ModuleNotFoundError: No module named 'numpy'
[ERR] n_per_z=15 rid=bac99c93 rc=1
Traceback (most recent call last):
  File "/mnt/beegfs/home/mdroguett/Memoria/Evaluaci-n-Num-rica-de-la-Conjetura-de-Oertel-para-el-caso-unidimensional/main_ortel.py", line 7, in <module>
    import numpy as np
ModuleNotFoundError: No module named 'numpy'
[ERR] n_per_z=15 rid=d1844894 rc=1
Traceback (most recent call last):
  File "/mnt/beegfs/home/mdroguett/Memoria/Evaluaci-n-Num-rica-de-la-Conjetura-de-Oertel-para-el-caso-unidimensional/main_ortel.py", line 7, in <module>
    import numpy as np
ModuleNotFoundError: No module named 'numpy'
[ERR] n_per_z=20 rid=7d940305 rc=1
[ERR] n_per_z=20 rid=9349c47c rc=1
Traceback (most recent call last):
  File "/mnt/beegfs/home/mdroguett/Memoria/Evaluaci-n-Num-rica-de-la-Conjetura-de-Oertel-para-el-caso-unidimensional/main_ortel.py", line 7, in <module>
    import numpy as np
ModuleNotFoundError: No module named 'numpy'
[ERR] n_per_z=20 rid=5ad9c9cf rc=1
Traceback (most recent call last):
  File "/mnt/beegfs/home/mdroguett/Memoria/Evaluaci-n-Num-rica-de-la-Conjetura-de-Oertel-para-el-caso-unidimensional/main_ortel.py", line 7, in <module>
    import numpy as np
ModuleNotFoundError: No module named 'numpy'
Traceback (most recent call last):
  File "/mnt/beegfs/home/mdroguett/Memoria/Evaluaci-n-Num-rica-de-la-Conjetura-de-Oertel-para-el-caso-unidimensional/main_ortel.py", line 7, in <module>
    import numpy as np
ModuleNotFoundError: No module named 'numpy'
[ERR] n_per_z=20 rid=e5cff957 rc=1
[ERR] n_per_z=20 rid=715109eb rc=1
Traceback (most recent call last):
  File "/mnt/beegfs/home/mdroguett/Memoria/Evaluaci-n-Num-rica-de-la-Conjetura-de-Oertel-para-el-caso-unidimensional/main_ortel.py", line 7, in <module>
    import numpy as np
ModuleNotFoundError: No module named 'numpy'
Traceback (most recent call last):
  File "/mnt/beegfs/home/mdroguett/Memoria/Evaluaci-n-Num-rica-de-la-Conjetura-de-Oertel-para-el-caso-unidimensional/main_ortel.py", line 7, in <module>
    import numpy as np
ModuleNotFoundError: No module named 'numpy'
[ERR] n_per_z=20 rid=23da5ba8 rc=1
Traceback (most recent call last):
  File "/mnt/beegfs/home/mdroguett/Memoria/Evaluaci-n-Num-rica-de-la-Conjetura-de-Oertel-para-el-caso-unidimensional/main_ortel.py", line 7, in <module>
    import numpy as np
ModuleNotFoundError: No module named 'numpy'
[ERR] n_per_z=20 rid=5c620e5c rc=1
Traceback (most recent call last):
  File "/mnt/beegfs/home/mdroguett/Memoria/Evaluaci-n-Num-rica-de-la-Conjetura-de-Oertel-para-el-caso-unidimensional/main_ortel.py", line 7, in <module>
    import numpy as np
ModuleNotFoundError: No module named 'numpy'
[ERR] n_per_z=20 rid=e121baec rc=1
Traceback (most recent call last):
  File "/mnt/beegfs/home/mdroguett/Memoria/Evaluaci-n-Num-rica-de-la-Conjetura-de-Oertel-para-el-caso-unidimensional/main_ortel.py", line 7, in <module>
    import numpy as np
ModuleNotFoundError: No module named 'numpy'
[ERR] n_per_z=20 rid=555e8fcd rc=1
Traceback (most recent call last):
  File "/mnt/beegfs/home/mdroguett/Memoria/Evaluaci-n-Num-rica-de-la-Conjetura-de-Oertel-para-el-caso-unidimensional/main_ortel.py", line 7, in <module>
    import numpy as np
ModuleNotFoundError: No module named 'numpy'
[ERR] n_per_z=20 rid=47559ae6 rc=1
Traceback (most recent call last):
  File "/mnt/beegfs/home/mdroguett/Memoria/Evaluaci-n-Num-rica-de-la-Conjetura-de-Oertel-para-el-caso-unidimensional/main_ortel.py", line 7, in <module>
    import numpy as np
ModuleNotFoundError: No module named 'numpy'
[ERR] n_per_z=20 rid=597c6ec7 rc=1
Traceback (most recent call last):
  File "/mnt/beegfs/home/mdroguett/Memoria/Evaluaci-n-Num-rica-de-la-Conjetura-de-Oertel-para-el-caso-unidimensional/main_ortel.py", line 7, in <module>
    import numpy as np
ModuleNotFoundError: No module named 'numpy'
[ERR] n_per_z=20 rid=7bf0e4ca rc=1
Traceback (most recent call last):
  File "/mnt/beegfs/home/mdroguett/Memoria/Evaluaci-n-Num-rica-de-la-Conjetura-de-Oertel-para-el-caso-unidimensional/main_ortel.py", line 7, in <module>
    import numpy as np
ModuleNotFoundError: No module named 'numpy'

real	0m3.542s
user	0m7.773s
sys	0m7.952s
