=== Nodo: host13 ===
CPUs: 16   Mem: 16384   Time: 
Contenedor: /mnt/beegfs/home/mdroguett/Memoria/Evaluaci-n-Num-rica-de-la-Conjetura-de-Oertel-para-el-caso-unidimensional/ortel.sif
=========================
Python 3.9.24

=== Lanzando n_point=5 con 100 seeds usando 16 workers ===
[SKIP] n_point=5 seed=3 (ya existe exp_5__seed_3.csv)
[SKIP] n_point=5 seed=20 (ya existe exp_5__seed_20.csv)
[SKIP] n_point=5 seed=34 (ya existe exp_5__seed_34.csv)
[SKIP] n_point=5 seed=55 (ya existe exp_5__seed_55.csv)
[SKIP] n_point=5 seed=64 (ya existe exp_5__seed_64.csv)
[SKIP] n_point=5 seed=78 (ya existe exp_5__seed_78.csv)
[RUN]  n_point=5 seed=84
[RUN]  n_point=5 seed=89
[SKIP] n_point=5 seed=10 (ya existe exp_5__seed_10.csv)
[SKIP] n_point=5 seed=26 (ya existe exp_5__seed_26.csv)
[SKIP] n_point=5 seed=50 (ya existe exp_5__seed_50.csv)
[RUN]  n_point=5 seed=68
[SKIP] n_point=5 seed=6 (ya existe exp_5__seed_6.csv)
[SKIP] n_point=5 seed=23 (ya existe exp_5__seed_23.csv)
[SKIP] n_point=5 seed=59 (ya existe exp_5__seed_59.csv)
[RUN]  n_point=5 seed=75
[SKIP] n_point=5 seed=12 (ya existe exp_5__seed_12.csv)
[SKIP] n_point=5 seed=28 (ya existe exp_5__seed_28.csv)
[SKIP] n_point=5 seed=46 (ya existe exp_5__seed_46.csv)
[SKIP] n_point=5 seed=70 (ya existe exp_5__seed_70.csv)
[RUN]  n_point=5 seed=85
[RUN]  n_point=5 seed=92
[RUN]  n_point=5 seed=99
[SKIP] n_point=5 seed=13 (ya existe exp_5__seed_13.csv)
[SKIP] n_point=5 seed=29 (ya existe exp_5__seed_29.csv)
[SKIP] n_point=5 seed=52 (ya existe exp_5__seed_52.csv)
[RUN]  n_point=5 seed=74
[SKIP] n_point=5 seed=15 (ya existe exp_5__seed_15.csv)
[SKIP] n_point=5 seed=33 (ya existe exp_5__seed_33.csv)
[SKIP] n_point=5 seed=39 (ya existe exp_5__seed_39.csv)
[SKIP] n_point=5 seed=53 (ya existe exp_5__seed_53.csv)
[SKIP] n_point=5 seed=66 (ya existe exp_5__seed_66.csv)
[RUN]  n_point=5 seed=80
[RUN]  n_point=5 seed=91
[SKIP] n_point=5 seed=1 (ya existe exp_5__seed_1.csv)
[SKIP] n_point=5 seed=17 (ya existe exp_5__seed_17.csv)
[SKIP] n_point=5 seed=19 (ya existe exp_5__seed_19.csv)
[SKIP] n_point=5 seed=32 (ya existe exp_5__seed_32.csv)
[SKIP] n_point=5 seed=37 (ya existe exp_5__seed_37.csv)
[SKIP] n_point=5 seed=47 (ya existe exp_5__seed_47.csv)
[SKIP] n_point=5 seed=65 (ya existe exp_5__seed_65.csv)
[RUN]  n_point=5 seed=79
[SKIP] n_point=5 seed=9 (ya existe exp_5__seed_9.csv)
[SKIP] n_point=5 seed=25 (ya existe exp_5__seed_25.csv)
[SKIP] n_point=5 seed=41 (ya existe exp_5__seed_41.csv)
[RUN]  n_point=5 seed=56
[RUN]  n_point=5 seed=100
[SKIP] n_point=5 seed=2 (ya existe exp_5__seed_2.csv)
[SKIP] n_point=5 seed=8 (ya existe exp_5__seed_8.csv)
[SKIP] n_point=5 seed=11 (ya existe exp_5__seed_11.csv)
[SKIP] n_point=5 seed=27 (ya existe exp_5__seed_27.csv)
[SKIP] n_point=5 seed=43 (ya existe exp_5__seed_43.csv)
[SKIP] n_point=5 seed=58 (ya existe exp_5__seed_58.csv)
[RUN]  n_point=5 seed=73
[SKIP] n_point=5 seed=5 (ya existe exp_5__seed_5.csv)
[SKIP] n_point=5 seed=22 (ya existe exp_5__seed_22.csv)
[SKIP] n_point=5 seed=48 (ya existe exp_5__seed_48.csv)
[SKIP] n_point=5 seed=69 (ya existe exp_5__seed_69.csv)
[RUN]  n_point=5 seed=83
[RUN]  n_point=5 seed=88
[SKIP] n_point=5 seed=18 (ya existe exp_5__seed_18.csv)
[SKIP] n_point=5 seed=38 (ya existe exp_5__seed_38.csv)
[SKIP] n_point=5 seed=49 (ya existe exp_5__seed_49.csv)
[SKIP] n_point=5 seed=72 (ya existe exp_5__seed_72.csv)
[RUN]  n_point=5 seed=86
[RUN]  n_point=5 seed=90
[RUN]  n_point=5 seed=98
[SKIP] n_point=5 seed=14 (ya existe exp_5__seed_14.csv)
[SKIP] n_point=5 seed=21 (ya existe exp_5__seed_21.csv)
[SKIP] n_point=5 seed=35 (ya existe exp_5__seed_35.csv)
[SKIP] n_point=5 seed=51 (ya existe exp_5__seed_51.csv)
[SKIP] n_point=5 seed=57 (ya existe exp_5__seed_57.csv)
[SKIP] n_point=5 seed=71 (ya existe exp_5__seed_71.csv)
[RUN]  n_point=5 seed=77
[RUN]  n_point=5 seed=96
[SKIP] n_point=5 seed=7 (ya existe exp_5__seed_7.csv)
[SKIP] n_point=5 seed=24 (ya existe exp_5__seed_24.csv)
[SKIP] n_point=5 seed=40 (ya existe exp_5__seed_40.csv)
[SKIP] n_point=5 seed=45 (ya existe exp_5__seed_45.csv)
[SKIP] n_point=5 seed=63 (ya existe exp_5__seed_63.csv)
[RUN]  n_point=5 seed=81
[RUN]  n_point=5 seed=94
[SKIP] n_point=5 seed=30 (ya existe exp_5__seed_30.csv)
[SKIP] n_point=5 seed=42 (ya existe exp_5__seed_42.csv)
[SKIP] n_point=5 seed=60 (ya existe exp_5__seed_60.csv)
[SKIP] n_point=5 seed=67 (ya existe exp_5__seed_67.csv)
[RUN]  n_point=5 seed=82
[RUN]  n_point=5 seed=95
[SKIP] n_point=5 seed=16 (ya existe exp_5__seed_16.csv)
[SKIP] n_point=5 seed=36 (ya existe exp_5__seed_36.csv)
[SKIP] n_point=5 seed=44 (ya existe exp_5__seed_44.csv)
[SKIP] n_point=5 seed=61 (ya existe exp_5__seed_61.csv)
[RUN]  n_point=5 seed=76
[RUN]  n_point=5 seed=93
[SKIP] n_point=5 seed=4 (ya existe exp_5__seed_4.csv)
[SKIP] n_point=5 seed=31 (ya existe exp_5__seed_31.csv)
[SKIP] n_point=5 seed=54 (ya existe exp_5__seed_54.csv)
[SKIP] n_point=5 seed=62 (ya existe exp_5__seed_62.csv)
[RUN]  n_point=5 seed=87
[RUN]  n_point=5 seed=97
[PROG] n_point=5: 10/100 (ok=10, err=0)
[PROG] n_point=5: 20/100 (ok=20, err=0)
[PROG] n_point=5: 30/100 (ok=30, err=0)
[PROG] n_point=5: 40/100 (ok=40, err=0)
[PROG] n_point=5: 50/100 (ok=50, err=0)
[PROG] n_point=5: 60/100 (ok=60, err=0)
[PROG] n_point=5: 70/100 (ok=70, err=0)
[PROG] n_point=5: 80/100 (ok=80, err=0)
[PROG] n_point=5: 90/100 (ok=90, err=0)
[PROG] n_point=5: 100/100 (ok=100, err=0)
[MERGE] 100 archivos → /workspace/results/exp_5.csv

=== Lanzando n_point=8 con 100 seeds usando 16 workers ===
[RUN]  n_point=8 seed=2
[RUN]  n_point=8 seed=24
[RUN]  n_point=8 seed=38
[RUN]  n_point=8 seed=48
[RUN]  n_point=8 seed=54
[RUN]  n_point=8 seed=75
[RUN]  n_point=8 seed=13
[RUN]  n_point=8 seed=46
[RUN]  n_point=8 seed=58
[RUN]  n_point=8 seed=74
[RUN]  n_point=8 seed=10
[RUN]  n_point=8 seed=23
[RUN]  n_point=8 seed=29
[RUN]  n_point=8 seed=51
[RUN]  n_point=8 seed=66
[RUN]  n_point=8 seed=80
[RUN]  n_point=8 seed=89
[RUN]  n_point=8 seed=4
[RUN]  n_point=8 seed=18
[RUN]  n_point=8 seed=34
[RUN]  n_point=8 seed=49
[RUN]  n_point=8 seed=73
[RUN]  n_point=8 seed=16
[RUN]  n_point=8 seed=33
[RUN]  n_point=8 seed=44
[RUN]  n_point=8 seed=60
[RUN]  n_point=8 seed=79
[RUN]  n_point=8 seed=12
[RUN]  n_point=8 seed=21
[RUN]  n_point=8 seed=41
[RUN]  n_point=8 seed=59
[RUN]  n_point=8 seed=76
[RUN]  n_point=8 seed=90
[RUN]  n_point=8 seed=99
[RUN]  n_point=8 seed=14
[RUN]  n_point=8 seed=17
[RUN]  n_point=8 seed=35
[RUN]  n_point=8 seed=50
[RUN]  n_point=8 seed=71
[RUN]  n_point=8 seed=87
[RUN]  n_point=8 seed=8
[RUN]  n_point=8 seed=20
[RUN]  n_point=8 seed=37
[RUN]  n_point=8 seed=70
[RUN]  n_point=8 seed=86
[RUN]  n_point=8 seed=96
[RUN]  n_point=8 seed=3
[RUN]  n_point=8 seed=25
[RUN]  n_point=8 seed=36
[RUN]  n_point=8 seed=52
[RUN]  n_point=8 seed=68
[RUN]  n_point=8 seed=91
[RUN]  n_point=8 seed=7
[RUN]  n_point=8 seed=22
[RUN]  n_point=8 seed=42
[RUN]  n_point=8 seed=62
[RUN]  n_point=8 seed=67
[RUN]  n_point=8 seed=82
[RUN]  n_point=8 seed=98
[RUN]  n_point=8 seed=11
[RUN]  n_point=8 seed=28
[RUN]  n_point=8 seed=47
[RUN]  n_point=8 seed=63
[RUN]  n_point=8 seed=78
[RUN]  n_point=8 seed=83
[RUN]  n_point=8 seed=88
[RUN]  n_point=8 seed=6
[RUN]  n_point=8 seed=26
[RUN]  n_point=8 seed=40
[RUN]  n_point=8 seed=61
[RUN]  n_point=8 seed=72
[RUN]  n_point=8 seed=92
[RUN]  n_point=8 seed=100
[RUN]  n_point=8 seed=1
[RUN]  n_point=8 seed=19
[RUN]  n_point=8 seed=31
[RUN]  n_point=8 seed=53
[RUN]  n_point=8 seed=65
[RUN]  n_point=8 seed=81
[RUN]  n_point=8 seed=94
[RUN]  n_point=8 seed=9
[RUN]  n_point=8 seed=27
[RUN]  n_point=8 seed=45
[RUN]  n_point=8 seed=56
[RUN]  n_point=8 seed=77
[RUN]  n_point=8 seed=95
[RUN]  n_point=8 seed=15
[RUN]  n_point=8 seed=32
[RUN]  n_point=8 seed=43
[RUN]  n_point=8 seed=57
[RUN]  n_point=8 seed=64
[RUN]  n_point=8 seed=85
[RUN]  n_point=8 seed=97
[RUN]  n_point=8 seed=5
[RUN]  n_point=8 seed=30
[RUN]  n_point=8 seed=39
[RUN]  n_point=8 seed=55
[RUN]  n_point=8 seed=69
[RUN]  n_point=8 seed=84
[RUN]  n_point=8 seed=93
[PROG] n_point=8: 10/100 (ok=10, err=0)
[PROG] n_point=8: 20/100 (ok=20, err=0)
[PROG] n_point=8: 30/100 (ok=30, err=0)
[PROG] n_point=8: 40/100 (ok=40, err=0)
[PROG] n_point=8: 50/100 (ok=50, err=0)
[PROG] n_point=8: 60/100 (ok=60, err=0)
[PROG] n_point=8: 70/100 (ok=70, err=0)
[PROG] n_point=8: 80/100 (ok=80, err=0)
[PROG] n_point=8: 90/100 (ok=90, err=0)
[PROG] n_point=8: 100/100 (ok=100, err=0)
[MERGE] 100 archivos → /workspace/results/exp_8.csv

=== Lanzando n_point=11 con 50 seeds usando 16 workers ===
[RUN]  n_point=11 seed=8
[RUN]  n_point=11 seed=20
[RUN]  n_point=11 seed=36
[RUN]  n_point=11 seed=10
[RUN]  n_point=11 seed=23
[RUN]  n_point=11 seed=29
[RUN]  n_point=11 seed=12
[RUN]  n_point=11 seed=21
[RUN]  n_point=11 seed=41
[RUN]  n_point=11 seed=5
[RUN]  n_point=11 seed=31
[RUN]  n_point=11 seed=1
[RUN]  n_point=11 seed=19
[RUN]  n_point=11 seed=30
[RUN]  n_point=11 seed=39
[RUN]  n_point=11 seed=13
[RUN]  n_point=11 seed=45
[RUN]  n_point=11 seed=11
[RUN]  n_point=11 seed=28
[RUN]  n_point=11 seed=48
[RUN]  n_point=11 seed=16
[RUN]  n_point=11 seed=33
[RUN]  n_point=11 seed=46
[RUN]  n_point=11 seed=7
[RUN]  n_point=11 seed=22
[RUN]  n_point=11 seed=43
[RUN]  n_point=11 seed=6
[RUN]  n_point=11 seed=26
[RUN]  n_point=11 seed=40
[RUN]  n_point=11 seed=9
[RUN]  n_point=11 seed=27
[RUN]  n_point=11 seed=44
[RUN]  n_point=11 seed=15
[RUN]  n_point=11 seed=32
[RUN]  n_point=11 seed=42
[RUN]  n_point=11 seed=2
[RUN]  n_point=11 seed=25
[RUN]  n_point=11 seed=38
[RUN]  n_point=11 seed=47
[RUN]  n_point=11 seed=3
[RUN]  n_point=11 seed=24
[RUN]  n_point=11 seed=37
[RUN]  n_point=11 seed=14
[RUN]  n_point=11 seed=17
[RUN]  n_point=11 seed=35
[RUN]  n_point=11 seed=50
[RUN]  n_point=11 seed=4
[RUN]  n_point=11 seed=18
[RUN]  n_point=11 seed=34
[RUN]  n_point=11 seed=49
[PROG] n_point=11: 10/50 (ok=10, err=0)
[PROG] n_point=11: 20/50 (ok=20, err=0)
[PROG] n_point=11: 30/50 (ok=30, err=0)
[PROG] n_point=11: 40/50 (ok=40, err=0)
[PROG] n_point=11: 50/50 (ok=50, err=0)
[MERGE] 50 archivos → /workspace/results/exp_11.csv

=== Lanzando n_point=15 con 25 seeds usando 16 workers ===
[RUN]  n_point=15 seed=6
[RUN]  n_point=15 seed=11
[RUN]  n_point=15 seed=9
[RUN]  n_point=15 seed=5
[RUN]  n_point=15 seed=10
[RUN]  n_point=15 seed=23
[RUN]  n_point=15 seed=1
[RUN]  n_point=15 seed=19
[RUN]  n_point=15 seed=15
[RUN]  n_point=15 seed=16
[RUN]  n_point=15 seed=8
[RUN]  n_point=15 seed=20
[RUN]  n_point=15 seed=14
[RUN]  n_point=15 seed=17
[RUN]  n_point=15 seed=2
[RUN]  n_point=15 seed=25
[RUN]  n_point=15 seed=3
[RUN]  n_point=15 seed=24
[RUN]  n_point=15 seed=4
[RUN]  n_point=15 seed=18
[RUN]  n_point=15 seed=7
[RUN]  n_point=15 seed=22
[RUN]  n_point=15 seed=12
[RUN]  n_point=15 seed=21
[RUN]  n_point=15 seed=13
[PROG] n_point=15: 10/25 (ok=10, err=0)
[PROG] n_point=15: 20/25 (ok=20, err=0)
[MERGE] 25 archivos → /workspace/results/exp_15.csv

=== Lanzando n_point=20 con 25 seeds usando 16 workers ===
[RUN]  n_point=20 seed=6
[RUN]  n_point=20 seed=11
[RUN]  n_point=20 seed=13
[RUN]  n_point=20 seed=9
[RUN]  n_point=20 seed=10
[RUN]  n_point=20 seed=23
[RUN]  n_point=20 seed=5
[RUN]  n_point=20 seed=1
[RUN]  n_point=20 seed=19
[RUN]  n_point=20 seed=16
[RUN]  n_point=20 seed=14
[RUN]  n_point=20 seed=17
[RUN]  n_point=20 seed=15
[RUN]  n_point=20 seed=8
[RUN]  n_point=20 seed=20
[RUN]  n_point=20 seed=4
[RUN]  n_point=20 seed=18
[RUN]  n_point=20 seed=3
[RUN]  n_point=20 seed=24
[RUN]  n_point=20 seed=2
[RUN]  n_point=20 seed=25
[RUN]  n_point=20 seed=12
[RUN]  n_point=20 seed=21
[RUN]  n_point=20 seed=7
[RUN]  n_point=20 seed=22
[PROG] n_point=20: 10/25 (ok=10, err=0)
[PROG] n_point=20: 20/25 (ok=20, err=0)
[MERGE] 25 archivos → /workspace/results/exp_20.csv

=== TODO COMPLETADO ===
=== FIN OK ===
