+ mkdir -p results logs_runs
+ export OMP_NUM_THREADS=1
+ OMP_NUM_THREADS=1
+ export OPENBLAS_NUM_THREADS=1
+ OPENBLAS_NUM_THREADS=1
+ export MKL_NUM_THREADS=1
+ MKL_NUM_THREADS=1
+ export NUMEXPR_MAX_THREADS=1
+ NUMEXPR_MAX_THREADS=1
+ ROOT=/mnt/beegfs/home/mdroguett/Memoria/Evaluaci-n-Num-rica-de-la-Conjetura-de-Oertel-para-el-caso-unidimensional
+ WORK=/workspace
+ SIF=/mnt/beegfs/home/mdroguett/Memoria/Evaluaci-n-Num-rica-de-la-Conjetura-de-Oertel-para-el-caso-unidimensional/ortel.sif
++ hostname
+ echo '=== Nodo: host06 ==='
+ echo 'CPUs: 16   Mem: 16384   Time: '\''n/d'\'''
+ echo 'Contenedor: /mnt/beegfs/home/mdroguett/Memoria/Evaluaci-n-Num-rica-de-la-Conjetura-de-Oertel-para-el-caso-unidimensional/ortel.sif'
+ echo =========================
+ /usr/bin/apptainer exec --bind /mnt/beegfs/home/mdroguett/Memoria/Evaluaci-n-Num-rica-de-la-Conjetura-de-Oertel-para-el-caso-unidimensional:/workspace /mnt/beegfs/home/mdroguett/Memoria/Evaluaci-n-Num-rica-de-la-Conjetura-de-Oertel-para-el-caso-unidimensional/ortel.sif python3 /workspace/run_ortel_parallel.py
[ERR] n_point=5 rid=853b3d26 rc=1
Traceback (most recent call last):
  File "/workspace/main_ortel.py", line 113, in <module>
    raise SystemExit(main())
  File "/workspace/main_ortel.py", line 53, in main
    A, b = generate_convex_hull(verts)
  File "/workspace/convex_hull.py", line 45, in generate_convex_hull
    hull = ConvexHull(verts)
NameError: name 'verts' is not defined
[ERR] n_point=8 rid=4661bb2c rc=1
Traceback (most recent call last):
  File "/workspace/main_ortel.py", line 113, in <module>
    raise SystemExit(main())
  File "/workspace/main_ortel.py", line 53, in main
    A, b = generate_convex_hull(verts)
  File "/workspace/convex_hull.py", line 45, in generate_convex_hull
    hull = ConvexHull(verts)
NameError: name 'verts' is not defined
[ERR] n_point=11 rid=33d3ce34 rc=1
Traceback (most recent call last):
  File "/workspace/main_ortel.py", line 113, in <module>
    raise SystemExit(main())
  File "/workspace/main_ortel.py", line 53, in main
    A, b = generate_convex_hull(verts)
  File "/workspace/convex_hull.py", line 45, in generate_convex_hull
    hull = ConvexHull(verts)
NameError: name 'verts' is not defined
[ERR] n_point=15 rid=d785a95e rc=1
Traceback (most recent call last):
  File "/workspace/main_ortel.py", line 113, in <module>
    raise SystemExit(main())
  File "/workspace/main_ortel.py", line 53, in main
    A, b = generate_convex_hull(verts)
  File "/workspace/convex_hull.py", line 45, in generate_convex_hull
    hull = ConvexHull(verts)
NameError: name 'verts' is not defined
[ERR] n_point=20 rid=a3ccefd5 rc=1
Traceback (most recent call last):
  File "/workspace/main_ortel.py", line 113, in <module>
    raise SystemExit(main())
  File "/workspace/main_ortel.py", line 53, in main
    A, b = generate_convex_hull(verts)
  File "/workspace/convex_hull.py", line 45, in generate_convex_hull
    hull = ConvexHull(verts)
NameError: name 'verts' is not defined
+ echo '=== FIN OK ==='
