=== Nodo: host13 ===
CPUs: 16   Mem: 16384   Time: 
Contenedor: /mnt/beegfs/home/mdroguett/Memoria/Evaluaci-n-Num-rica-de-la-Conjetura-de-Oertel-para-el-caso-unidimensional/ortel.sif
=========================
Python 3.9.24

=== Lanzando n_point=5 con 100 seeds usando 16 workers ===
[SKIP] n_point=5 seed=1 (ya existe exp_5__seed_1.csv)
[SKIP] n_point=5 seed=27 (ya existe exp_5__seed_27.csv)
[SKIP] n_point=5 seed=53 (ya existe exp_5__seed_53.csv)
[SKIP] n_point=5 seed=58 (ya existe exp_5__seed_58.csv)
[RUN]  n_point=5 seed=73
[SKIP] n_point=5 seed=5 (ya existe exp_5__seed_5.csv)
[SKIP] n_point=5 seed=10 (ya existe exp_5__seed_10.csv)
[SKIP] n_point=5 seed=36 (ya existe exp_5__seed_36.csv)
[SKIP] n_point=5 seed=42 (ya existe exp_5__seed_42.csv)
[SKIP] n_point=5 seed=50 (ya existe exp_5__seed_50.csv)
[SKIP] n_point=5 seed=66 (ya existe exp_5__seed_66.csv)
[RUN]  n_point=5 seed=81
[SKIP] n_point=5 seed=13 (ya existe exp_5__seed_13.csv)
[SKIP] n_point=5 seed=32 (ya existe exp_5__seed_32.csv)
[RUN]  n_point=5 seed=56
[RUN]  n_point=5 seed=92
[SKIP] n_point=5 seed=6 (ya existe exp_5__seed_6.csv)
[SKIP] n_point=5 seed=12 (ya existe exp_5__seed_12.csv)
[SKIP] n_point=5 seed=24 (ya existe exp_5__seed_24.csv)
[SKIP] n_point=5 seed=29 (ya existe exp_5__seed_29.csv)
[SKIP] n_point=5 seed=55 (ya existe exp_5__seed_55.csv)
[SKIP] n_point=5 seed=71 (ya existe exp_5__seed_71.csv)
[RUN]  n_point=5 seed=86
[SKIP] n_point=5 seed=8 (ya existe exp_5__seed_8.csv)
[SKIP] n_point=5 seed=26 (ya existe exp_5__seed_26.csv)
[SKIP] n_point=5 seed=39 (ya existe exp_5__seed_39.csv)
[SKIP] n_point=5 seed=45 (ya existe exp_5__seed_45.csv)
[SKIP] n_point=5 seed=70 (ya existe exp_5__seed_70.csv)
[RUN]  n_point=5 seed=85
[RUN]  n_point=5 seed=91
[SKIP] n_point=5 seed=21 (ya existe exp_5__seed_21.csv)
[SKIP] n_point=5 seed=43 (ya existe exp_5__seed_43.csv)
[SKIP] n_point=5 seed=60 (ya existe exp_5__seed_60.csv)
[RUN]  n_point=5 seed=75
[RUN]  n_point=5 seed=88
[SKIP] n_point=5 seed=11 (ya existe exp_5__seed_11.csv)
[SKIP] n_point=5 seed=38 (ya existe exp_5__seed_38.csv)
[SKIP] n_point=5 seed=52 (ya existe exp_5__seed_52.csv)
[SKIP] n_point=5 seed=57 (ya existe exp_5__seed_57.csv)
[SKIP] n_point=5 seed=72 (ya existe exp_5__seed_72.csv)
[RUN]  n_point=5 seed=84
[RUN]  n_point=5 seed=90
[SKIP] n_point=5 seed=4 (ya existe exp_5__seed_4.csv)
[SKIP] n_point=5 seed=20 (ya existe exp_5__seed_20.csv)
[SKIP] n_point=5 seed=23 (ya existe exp_5__seed_23.csv)
[SKIP] n_point=5 seed=28 (ya existe exp_5__seed_28.csv)
[SKIP] n_point=5 seed=40 (ya existe exp_5__seed_40.csv)
[SKIP] n_point=5 seed=46 (ya existe exp_5__seed_46.csv)
[SKIP] n_point=5 seed=62 (ya existe exp_5__seed_62.csv)
[RUN]  n_point=5 seed=77
[RUN]  n_point=5 seed=89
[SKIP] n_point=5 seed=22 (ya existe exp_5__seed_22.csv)
[SKIP] n_point=5 seed=54 (ya existe exp_5__seed_54.csv)
[SKIP] n_point=5 seed=61 (ya existe exp_5__seed_61.csv)
[SKIP] n_point=5 seed=67 (ya existe exp_5__seed_67.csv)
[RUN]  n_point=5 seed=82
[RUN]  n_point=5 seed=93
[SKIP] n_point=5 seed=15 (ya existe exp_5__seed_15.csv)
[SKIP] n_point=5 seed=33 (ya existe exp_5__seed_33.csv)
[SKIP] n_point=5 seed=49 (ya existe exp_5__seed_49.csv)
[SKIP] n_point=5 seed=64 (ya existe exp_5__seed_64.csv)
[RUN]  n_point=5 seed=80
[RUN]  n_point=5 seed=94
[SKIP] n_point=5 seed=2 (ya existe exp_5__seed_2.csv)
[SKIP] n_point=5 seed=18 (ya existe exp_5__seed_18.csv)
[SKIP] n_point=5 seed=31 (ya existe exp_5__seed_31.csv)
[SKIP] n_point=5 seed=35 (ya existe exp_5__seed_35.csv)
[SKIP] n_point=5 seed=51 (ya existe exp_5__seed_51.csv)
[RUN]  n_point=5 seed=76
[RUN]  n_point=5 seed=96
[SKIP] n_point=5 seed=3 (ya existe exp_5__seed_3.csv)
[SKIP] n_point=5 seed=19 (ya existe exp_5__seed_19.csv)
[SKIP] n_point=5 seed=48 (ya existe exp_5__seed_48.csv)
[SKIP] n_point=5 seed=65 (ya existe exp_5__seed_65.csv)
[RUN]  n_point=5 seed=79
[RUN]  n_point=5 seed=97
[SKIP] n_point=5 seed=7 (ya existe exp_5__seed_7.csv)
[SKIP] n_point=5 seed=14 (ya existe exp_5__seed_14.csv)
[SKIP] n_point=5 seed=17 (ya existe exp_5__seed_17.csv)
[SKIP] n_point=5 seed=30 (ya existe exp_5__seed_30.csv)
[SKIP] n_point=5 seed=44 (ya existe exp_5__seed_44.csv)
[SKIP] n_point=5 seed=69 (ya existe exp_5__seed_69.csv)
[RUN]  n_point=5 seed=83
[RUN]  n_point=5 seed=95
[SKIP] n_point=5 seed=9 (ya existe exp_5__seed_9.csv)
[RUN]  n_point=5 seed=68
[RUN]  n_point=5 seed=98
[SKIP] n_point=5 seed=25 (ya existe exp_5__seed_25.csv)
[SKIP] n_point=5 seed=47 (ya existe exp_5__seed_47.csv)
[SKIP] n_point=5 seed=63 (ya existe exp_5__seed_63.csv)
[SKIP] n_point=5 seed=78 (ya existe exp_5__seed_78.csv)
[RUN]  n_point=5 seed=87
[RUN]  n_point=5 seed=99
[SKIP] n_point=5 seed=16 (ya existe exp_5__seed_16.csv)
[SKIP] n_point=5 seed=34 (ya existe exp_5__seed_34.csv)
[SKIP] n_point=5 seed=37 (ya existe exp_5__seed_37.csv)
[SKIP] n_point=5 seed=41 (ya existe exp_5__seed_41.csv)
[SKIP] n_point=5 seed=59 (ya existe exp_5__seed_59.csv)
[RUN]  n_point=5 seed=74
[RUN]  n_point=5 seed=100
[PROG] n_point=5: 10/100 (ok=10, err=0)
[PROG] n_point=5: 20/100 (ok=20, err=0)
[PROG] n_point=5: 30/100 (ok=30, err=0)
[PROG] n_point=5: 40/100 (ok=40, err=0)
[PROG] n_point=5: 50/100 (ok=50, err=0)
[PROG] n_point=5: 60/100 (ok=60, err=0)
[PROG] n_point=5: 70/100 (ok=70, err=0)
[PROG] n_point=5: 72/100 (ok=71, err=1)
[PROG] n_point=5: 73/100 (ok=71, err=2)
[PROG] n_point=5: 74/100 (ok=71, err=3)
[PROG] n_point=5: 75/100 (ok=71, err=4)
[PROG] n_point=5: 76/100 (ok=71, err=5)
[PROG] n_point=5: 77/100 (ok=71, err=6)
[PROG] n_point=5: 78/100 (ok=71, err=7)
[PROG] n_point=5: 79/100 (ok=71, err=8)
[PROG] n_point=5: 80/100 (ok=71, err=9)
[PROG] n_point=5: 81/100 (ok=71, err=10)
[PROG] n_point=5: 82/100 (ok=71, err=11)
[PROG] n_point=5: 83/100 (ok=71, err=12)
[PROG] n_point=5: 84/100 (ok=71, err=13)
[PROG] n_point=5: 85/100 (ok=71, err=14)
[PROG] n_point=5: 86/100 (ok=71, err=15)
[PROG] n_point=5: 87/100 (ok=71, err=16)
[PROG] n_point=5: 88/100 (ok=71, err=17)
[PROG] n_point=5: 89/100 (ok=71, err=18)
[PROG] n_point=5: 90/100 (ok=71, err=19)
[PROG] n_point=5: 91/100 (ok=71, err=20)
[PROG] n_point=5: 92/100 (ok=71, err=21)
[PROG] n_point=5: 93/100 (ok=71, err=22)
[PROG] n_point=5: 94/100 (ok=71, err=23)
[PROG] n_point=5: 95/100 (ok=71, err=24)
[PROG] n_point=5: 96/100 (ok=71, err=25)
[PROG] n_point=5: 97/100 (ok=71, err=26)
[PROG] n_point=5: 98/100 (ok=71, err=27)
[PROG] n_point=5: 99/100 (ok=71, err=28)
[PROG] n_point=5: 100/100 (ok=71, err=29)
[MERGE] 71 archivos → /workspace/results/exp_5.csv

=== Lanzando n_point=8 con 100 seeds usando 16 workers ===
[RUN]  n_point=8 seed=5
[RUN]  n_point=8 seed=24
[RUN]  n_point=8 seed=41
[RUN]  n_point=8 seed=53
[RUN]  n_point=8 seed=69
[RUN]  n_point=8 seed=86
[RUN]  n_point=8 seed=9
[RUN]  n_point=8 seed=20
[RUN]  n_point=8 seed=38
[RUN]  n_point=8 seed=55
[RUN]  n_point=8 seed=72
[RUN]  n_point=8 seed=88
[RUN]  n_point=8 seed=8
[RUN]  n_point=8 seed=22
[RUN]  n_point=8 seed=36
[RUN]  n_point=8 seed=54
[RUN]  n_point=8 seed=70
[RUN]  n_point=8 seed=85
[RUN]  n_point=8 seed=13
[RUN]  n_point=8 seed=25
[RUN]  n_point=8 seed=42
[RUN]  n_point=8 seed=57
[RUN]  n_point=8 seed=73
[RUN]  n_point=8 seed=87
[RUN]  n_point=8 seed=16
[RUN]  n_point=8 seed=28
[RUN]  n_point=8 seed=44
[RUN]  n_point=8 seed=59
[RUN]  n_point=8 seed=74
[RUN]  n_point=8 seed=90
[RUN]  n_point=8 seed=10
[RUN]  n_point=8 seed=23
[RUN]  n_point=8 seed=37
[RUN]  n_point=8 seed=58
[RUN]  n_point=8 seed=71
[RUN]  n_point=8 seed=89
[RUN]  n_point=8 seed=12
[RUN]  n_point=8 seed=29
[RUN]  n_point=8 seed=47
[RUN]  n_point=8 seed=61
[RUN]  n_point=8 seed=77
[RUN]  n_point=8 seed=92
[RUN]  n_point=8 seed=11
[RUN]  n_point=8 seed=31
[RUN]  n_point=8 seed=45
[RUN]  n_point=8 seed=64
[RUN]  n_point=8 seed=80
[RUN]  n_point=8 seed=94
[RUN]  n_point=8 seed=14
[RUN]  n_point=8 seed=30
[RUN]  n_point=8 seed=43
[RUN]  n_point=8 seed=60
[RUN]  n_point=8 seed=79
[RUN]  n_point=8 seed=96
[RUN]  n_point=8 seed=15
[RUN]  n_point=8 seed=32
[RUN]  n_point=8 seed=48
[RUN]  n_point=8 seed=62
[RUN]  n_point=8 seed=78
[RUN]  n_point=8 seed=95
[RUN]  n_point=8 seed=7
[RUN]  n_point=8 seed=26
[RUN]  n_point=8 seed=40
[RUN]  n_point=8 seed=56
[RUN]  n_point=8 seed=75
[RUN]  n_point=8 seed=91
[RUN]  n_point=8 seed=6
[RUN]  n_point=8 seed=27
[RUN]  n_point=8 seed=46
[RUN]  n_point=8 seed=63
[RUN]  n_point=8 seed=76
[RUN]  n_point=8 seed=93
[RUN]  n_point=8 seed=4
[RUN]  n_point=8 seed=17
[RUN]  n_point=8 seed=33
[RUN]  n_point=8 seed=49
[RUN]  n_point=8 seed=65
[RUN]  n_point=8 seed=81
[RUN]  n_point=8 seed=97
[RUN]  n_point=8 seed=2
[RUN]  n_point=8 seed=18
[RUN]  n_point=8 seed=34
[RUN]  n_point=8 seed=50
[RUN]  n_point=8 seed=66
[RUN]  n_point=8 seed=82
[RUN]  n_point=8 seed=98
[RUN]  n_point=8 seed=3
[RUN]  n_point=8 seed=19
[RUN]  n_point=8 seed=35
[RUN]  n_point=8 seed=51
[RUN]  n_point=8 seed=67
[RUN]  n_point=8 seed=83
[RUN]  n_point=8 seed=99
[RUN]  n_point=8 seed=1
[RUN]  n_point=8 seed=21
[RUN]  n_point=8 seed=39
[RUN]  n_point=8 seed=52
[RUN]  n_point=8 seed=68
[RUN]  n_point=8 seed=84
[RUN]  n_point=8 seed=100
[PROG] n_point=8: 1/100 (ok=0, err=1)
[PROG] n_point=8: 2/100 (ok=0, err=2)
[PROG] n_point=8: 3/100 (ok=0, err=3)
[PROG] n_point=8: 4/100 (ok=0, err=4)
[PROG] n_point=8: 5/100 (ok=0, err=5)
[PROG] n_point=8: 6/100 (ok=0, err=6)
[PROG] n_point=8: 7/100 (ok=0, err=7)
[PROG] n_point=8: 8/100 (ok=0, err=8)
[PROG] n_point=8: 9/100 (ok=0, err=9)
[PROG] n_point=8: 10/100 (ok=0, err=10)
[PROG] n_point=8: 11/100 (ok=0, err=11)
[PROG] n_point=8: 12/100 (ok=0, err=12)
[PROG] n_point=8: 13/100 (ok=0, err=13)
[PROG] n_point=8: 14/100 (ok=0, err=14)
[PROG] n_point=8: 15/100 (ok=0, err=15)
[PROG] n_point=8: 16/100 (ok=0, err=16)
[PROG] n_point=8: 17/100 (ok=0, err=17)
[PROG] n_point=8: 18/100 (ok=0, err=18)
[PROG] n_point=8: 19/100 (ok=0, err=19)
[PROG] n_point=8: 20/100 (ok=0, err=20)
[PROG] n_point=8: 21/100 (ok=0, err=21)
[PROG] n_point=8: 22/100 (ok=0, err=22)
[PROG] n_point=8: 23/100 (ok=0, err=23)
[PROG] n_point=8: 24/100 (ok=0, err=24)
[PROG] n_point=8: 25/100 (ok=0, err=25)
[PROG] n_point=8: 26/100 (ok=0, err=26)
[PROG] n_point=8: 27/100 (ok=0, err=27)
[PROG] n_point=8: 28/100 (ok=0, err=28)
[PROG] n_point=8: 29/100 (ok=0, err=29)
[PROG] n_point=8: 30/100 (ok=0, err=30)
[PROG] n_point=8: 31/100 (ok=0, err=31)
[PROG] n_point=8: 32/100 (ok=0, err=32)
[PROG] n_point=8: 33/100 (ok=0, err=33)
[PROG] n_point=8: 34/100 (ok=0, err=34)
[PROG] n_point=8: 35/100 (ok=0, err=35)
[PROG] n_point=8: 36/100 (ok=0, err=36)
[PROG] n_point=8: 37/100 (ok=0, err=37)
[PROG] n_point=8: 38/100 (ok=0, err=38)
[PROG] n_point=8: 39/100 (ok=0, err=39)
[PROG] n_point=8: 40/100 (ok=0, err=40)
[PROG] n_point=8: 41/100 (ok=0, err=41)
[PROG] n_point=8: 42/100 (ok=0, err=42)
[PROG] n_point=8: 43/100 (ok=0, err=43)
[PROG] n_point=8: 44/100 (ok=0, err=44)
[PROG] n_point=8: 45/100 (ok=0, err=45)
[PROG] n_point=8: 46/100 (ok=0, err=46)
[PROG] n_point=8: 47/100 (ok=0, err=47)
[PROG] n_point=8: 48/100 (ok=0, err=48)
[PROG] n_point=8: 49/100 (ok=0, err=49)
[PROG] n_point=8: 50/100 (ok=0, err=50)
[PROG] n_point=8: 51/100 (ok=0, err=51)
[PROG] n_point=8: 52/100 (ok=0, err=52)
[PROG] n_point=8: 53/100 (ok=0, err=53)
[PROG] n_point=8: 54/100 (ok=0, err=54)
[PROG] n_point=8: 55/100 (ok=0, err=55)
[PROG] n_point=8: 56/100 (ok=0, err=56)
[PROG] n_point=8: 57/100 (ok=0, err=57)
[PROG] n_point=8: 58/100 (ok=0, err=58)
[PROG] n_point=8: 59/100 (ok=0, err=59)
[PROG] n_point=8: 60/100 (ok=0, err=60)
[PROG] n_point=8: 61/100 (ok=0, err=61)
[PROG] n_point=8: 62/100 (ok=0, err=62)
[PROG] n_point=8: 63/100 (ok=0, err=63)
[PROG] n_point=8: 64/100 (ok=0, err=64)
[PROG] n_point=8: 65/100 (ok=0, err=65)
[PROG] n_point=8: 66/100 (ok=0, err=66)
[PROG] n_point=8: 67/100 (ok=0, err=67)
[PROG] n_point=8: 68/100 (ok=0, err=68)
[PROG] n_point=8: 69/100 (ok=0, err=69)
[PROG] n_point=8: 70/100 (ok=0, err=70)
[PROG] n_point=8: 71/100 (ok=0, err=71)
[PROG] n_point=8: 72/100 (ok=0, err=72)
[PROG] n_point=8: 73/100 (ok=0, err=73)
[PROG] n_point=8: 74/100 (ok=0, err=74)
[PROG] n_point=8: 75/100 (ok=0, err=75)
[PROG] n_point=8: 76/100 (ok=0, err=76)
[PROG] n_point=8: 77/100 (ok=0, err=77)
[PROG] n_point=8: 78/100 (ok=0, err=78)
[PROG] n_point=8: 79/100 (ok=0, err=79)
[PROG] n_point=8: 80/100 (ok=0, err=80)
[PROG] n_point=8: 81/100 (ok=0, err=81)
[PROG] n_point=8: 82/100 (ok=0, err=82)
[PROG] n_point=8: 83/100 (ok=0, err=83)
[PROG] n_point=8: 84/100 (ok=0, err=84)
[PROG] n_point=8: 85/100 (ok=0, err=85)
[PROG] n_point=8: 86/100 (ok=0, err=86)
[PROG] n_point=8: 87/100 (ok=0, err=87)
[PROG] n_point=8: 88/100 (ok=0, err=88)
[PROG] n_point=8: 89/100 (ok=0, err=89)
[PROG] n_point=8: 90/100 (ok=0, err=90)
[PROG] n_point=8: 91/100 (ok=0, err=91)
[PROG] n_point=8: 92/100 (ok=0, err=92)
[PROG] n_point=8: 93/100 (ok=0, err=93)
[PROG] n_point=8: 94/100 (ok=0, err=94)
[PROG] n_point=8: 95/100 (ok=0, err=95)
[PROG] n_point=8: 96/100 (ok=0, err=96)
[PROG] n_point=8: 97/100 (ok=0, err=97)
[PROG] n_point=8: 98/100 (ok=0, err=98)
[PROG] n_point=8: 99/100 (ok=0, err=99)
[PROG] n_point=8: 100/100 (ok=0, err=100)
[WARN] no hay temporales para n_point=8

=== Lanzando n_point=11 con 50 seeds usando 16 workers ===
[RUN]  n_point=11 seed=5
[RUN]  n_point=11 seed=19
[RUN]  n_point=11 seed=35
[RUN]  n_point=11 seed=13
[RUN]  n_point=11 seed=28
[RUN]  n_point=11 seed=40
[RUN]  n_point=11 seed=3
[RUN]  n_point=11 seed=21
[RUN]  n_point=11 seed=36
[RUN]  n_point=11 seed=2
[RUN]  n_point=11 seed=22
[RUN]  n_point=11 seed=38
[RUN]  n_point=11 seed=11
[RUN]  n_point=11 seed=23
[RUN]  n_point=11 seed=39
[RUN]  n_point=11 seed=7
[RUN]  n_point=11 seed=24
[RUN]  n_point=11 seed=37
[RUN]  n_point=11 seed=6
[RUN]  n_point=11 seed=26
[RUN]  n_point=11 seed=42
[RUN]  n_point=11 seed=8
[RUN]  n_point=11 seed=31
[RUN]  n_point=11 seed=47
[RUN]  n_point=11 seed=12
[RUN]  n_point=11 seed=25
[RUN]  n_point=11 seed=44
[RUN]  n_point=11 seed=16
[RUN]  n_point=11 seed=30
[RUN]  n_point=11 seed=48
[RUN]  n_point=11 seed=14
[RUN]  n_point=11 seed=27
[RUN]  n_point=11 seed=43
[RUN]  n_point=11 seed=10
[RUN]  n_point=11 seed=32
[RUN]  n_point=11 seed=46
[RUN]  n_point=11 seed=4
[RUN]  n_point=11 seed=20
[RUN]  n_point=11 seed=41
[RUN]  n_point=11 seed=15
[RUN]  n_point=11 seed=29
[RUN]  n_point=11 seed=45
[RUN]  n_point=11 seed=1
[RUN]  n_point=11 seed=17
[RUN]  n_point=11 seed=34
[RUN]  n_point=11 seed=49
[RUN]  n_point=11 seed=9
[RUN]  n_point=11 seed=18
[RUN]  n_point=11 seed=33
[RUN]  n_point=11 seed=50
[PROG] n_point=11: 1/50 (ok=0, err=1)
[PROG] n_point=11: 2/50 (ok=0, err=2)
[PROG] n_point=11: 3/50 (ok=0, err=3)
[PROG] n_point=11: 4/50 (ok=0, err=4)
[PROG] n_point=11: 5/50 (ok=0, err=5)
[PROG] n_point=11: 6/50 (ok=0, err=6)
[PROG] n_point=11: 7/50 (ok=0, err=7)
[PROG] n_point=11: 8/50 (ok=0, err=8)
[PROG] n_point=11: 9/50 (ok=0, err=9)
[PROG] n_point=11: 10/50 (ok=0, err=10)
[PROG] n_point=11: 11/50 (ok=0, err=11)
[PROG] n_point=11: 12/50 (ok=0, err=12)
[PROG] n_point=11: 13/50 (ok=0, err=13)
[PROG] n_point=11: 14/50 (ok=0, err=14)
[PROG] n_point=11: 15/50 (ok=0, err=15)
[PROG] n_point=11: 16/50 (ok=0, err=16)
[PROG] n_point=11: 17/50 (ok=0, err=17)
[PROG] n_point=11: 18/50 (ok=0, err=18)
[PROG] n_point=11: 19/50 (ok=0, err=19)
[PROG] n_point=11: 20/50 (ok=0, err=20)
[PROG] n_point=11: 21/50 (ok=0, err=21)
[PROG] n_point=11: 22/50 (ok=0, err=22)
[PROG] n_point=11: 23/50 (ok=0, err=23)
[PROG] n_point=11: 24/50 (ok=0, err=24)
[PROG] n_point=11: 25/50 (ok=0, err=25)
[PROG] n_point=11: 26/50 (ok=0, err=26)
[PROG] n_point=11: 27/50 (ok=0, err=27)
[PROG] n_point=11: 28/50 (ok=0, err=28)
[PROG] n_point=11: 29/50 (ok=0, err=29)
[PROG] n_point=11: 30/50 (ok=0, err=30)
[PROG] n_point=11: 31/50 (ok=0, err=31)
[PROG] n_point=11: 32/50 (ok=0, err=32)
[PROG] n_point=11: 33/50 (ok=0, err=33)
[PROG] n_point=11: 34/50 (ok=0, err=34)
[PROG] n_point=11: 35/50 (ok=0, err=35)
[PROG] n_point=11: 36/50 (ok=0, err=36)
[PROG] n_point=11: 37/50 (ok=0, err=37)
[PROG] n_point=11: 38/50 (ok=0, err=38)
[PROG] n_point=11: 39/50 (ok=0, err=39)
[PROG] n_point=11: 40/50 (ok=0, err=40)
[PROG] n_point=11: 41/50 (ok=0, err=41)
[PROG] n_point=11: 42/50 (ok=0, err=42)
[PROG] n_point=11: 43/50 (ok=0, err=43)
[PROG] n_point=11: 44/50 (ok=0, err=44)
[PROG] n_point=11: 45/50 (ok=0, err=45)
[PROG] n_point=11: 46/50 (ok=0, err=46)
[PROG] n_point=11: 47/50 (ok=0, err=47)
[PROG] n_point=11: 48/50 (ok=0, err=48)
[PROG] n_point=11: 49/50 (ok=0, err=49)
[PROG] n_point=11: 50/50 (ok=0, err=50)
[WARN] no hay temporales para n_point=11

=== Lanzando n_point=15 con 25 seeds usando 16 workers ===
[RUN]  n_point=15 seed=9
[RUN]  n_point=15 seed=15
[RUN]  n_point=15 seed=5
[RUN]  n_point=15 seed=22
[RUN]  n_point=15 seed=1
[RUN]  n_point=15 seed=12
[RUN]  n_point=15 seed=3
[RUN]  n_point=15 seed=13
[RUN]  n_point=15 seed=10
[RUN]  n_point=15 seed=2
[RUN]  n_point=15 seed=18
[RUN]  n_point=15 seed=4
[RUN]  n_point=15 seed=19
[RUN]  n_point=15 seed=14
[RUN]  n_point=15 seed=20
[RUN]  n_point=15 seed=6
[RUN]  n_point=15 seed=17
[RUN]  n_point=15 seed=7
[RUN]  n_point=15 seed=21
[RUN]  n_point=15 seed=11
[RUN]  n_point=15 seed=23
[RUN]  n_point=15 seed=16
[RUN]  n_point=15 seed=25
[RUN]  n_point=15 seed=8
[RUN]  n_point=15 seed=24
[PROG] n_point=15: 1/25 (ok=0, err=1)
[PROG] n_point=15: 2/25 (ok=0, err=2)
[PROG] n_point=15: 3/25 (ok=0, err=3)
[PROG] n_point=15: 4/25 (ok=0, err=4)
[PROG] n_point=15: 5/25 (ok=0, err=5)
[PROG] n_point=15: 6/25 (ok=0, err=6)
[PROG] n_point=15: 7/25 (ok=0, err=7)
[PROG] n_point=15: 8/25 (ok=0, err=8)
[PROG] n_point=15: 9/25 (ok=0, err=9)
[PROG] n_point=15: 10/25 (ok=0, err=10)
[PROG] n_point=15: 11/25 (ok=0, err=11)
[PROG] n_point=15: 12/25 (ok=0, err=12)
[PROG] n_point=15: 13/25 (ok=0, err=13)
[PROG] n_point=15: 14/25 (ok=0, err=14)
[PROG] n_point=15: 15/25 (ok=0, err=15)
[PROG] n_point=15: 16/25 (ok=0, err=16)
[PROG] n_point=15: 17/25 (ok=0, err=17)
[PROG] n_point=15: 18/25 (ok=0, err=18)
[PROG] n_point=15: 19/25 (ok=0, err=19)
[PROG] n_point=15: 20/25 (ok=0, err=20)
[PROG] n_point=15: 21/25 (ok=0, err=21)
[PROG] n_point=15: 22/25 (ok=0, err=22)
[PROG] n_point=15: 23/25 (ok=0, err=23)
[PROG] n_point=15: 24/25 (ok=0, err=24)
[PROG] n_point=15: 25/25 (ok=0, err=25)
[WARN] no hay temporales para n_point=15

=== Lanzando n_point=20 con 25 seeds usando 16 workers ===
[RUN]  n_point=20 seed=10
[RUN]  n_point=20 seed=16
[RUN]  n_point=20 seed=11
[RUN]  n_point=20 seed=8
[RUN]  n_point=20 seed=9
[RUN]  n_point=20 seed=15
[RUN]  n_point=20 seed=14
[RUN]  n_point=20 seed=4
[RUN]  n_point=20 seed=17
[RUN]  n_point=20 seed=12
[RUN]  n_point=20 seed=18
[RUN]  n_point=20 seed=6
[RUN]  n_point=20 seed=22
[RUN]  n_point=20 seed=3
[RUN]  n_point=20 seed=19
[RUN]  n_point=20 seed=7
[RUN]  n_point=20 seed=21
[RUN]  n_point=20 seed=13
[RUN]  n_point=20 seed=20
[RUN]  n_point=20 seed=5
[RUN]  n_point=20 seed=24
[RUN]  n_point=20 seed=1
[RUN]  n_point=20 seed=23
[RUN]  n_point=20 seed=2
[RUN]  n_point=20 seed=25
[PROG] n_point=20: 1/25 (ok=0, err=1)
[PROG] n_point=20: 2/25 (ok=0, err=2)
[PROG] n_point=20: 3/25 (ok=0, err=3)
[PROG] n_point=20: 4/25 (ok=0, err=4)
[PROG] n_point=20: 5/25 (ok=0, err=5)
[PROG] n_point=20: 6/25 (ok=0, err=6)
[PROG] n_point=20: 7/25 (ok=0, err=7)
[PROG] n_point=20: 8/25 (ok=0, err=8)
[PROG] n_point=20: 9/25 (ok=0, err=9)
[PROG] n_point=20: 10/25 (ok=0, err=10)
[PROG] n_point=20: 11/25 (ok=0, err=11)
[PROG] n_point=20: 12/25 (ok=0, err=12)
[PROG] n_point=20: 13/25 (ok=0, err=13)
[PROG] n_point=20: 14/25 (ok=0, err=14)
[PROG] n_point=20: 15/25 (ok=0, err=15)
[PROG] n_point=20: 16/25 (ok=0, err=16)
[PROG] n_point=20: 17/25 (ok=0, err=17)
[PROG] n_point=20: 18/25 (ok=0, err=18)
[PROG] n_point=20: 19/25 (ok=0, err=19)
[PROG] n_point=20: 20/25 (ok=0, err=20)
[PROG] n_point=20: 21/25 (ok=0, err=21)
[PROG] n_point=20: 22/25 (ok=0, err=22)
[PROG] n_point=20: 23/25 (ok=0, err=23)
[PROG] n_point=20: 24/25 (ok=0, err=24)
[PROG] n_point=20: 25/25 (ok=0, err=25)
[WARN] no hay temporales para n_point=20

=== TODO COMPLETADO ===
=== FIN OK ===
