=== Ejecutando en nodo host58 ===
Directorio de trabajo: /mnt/beegfs/home/mdroguett/Memoria/Evaluaci-n-Num-rica-de-la-Conjetura-de-Oertel-para-el-caso-unidimensional
Usando contenedor: /mnt/beegfs/home/mdroguett/Memoria/Evaluaci-n-Num-rica-de-la-Conjetura-de-Oertel-para-el-caso-unidimensional/ortel.sif
===============================
Seed 1: BestCP = [1.         0.47903352 0.54114105], F ~= 0.18940849506285815
Seed 2: BestCP = [1.         0.46688802 0.48721682], F ~= 0.15509560182592147
Seed 3: BestCP = [1.         0.52304978 0.55473743], F ~= 0.1870364117595905
Seed 4: BestCP = [1.         0.59095553 0.53028351], F ~= 0.23863769159298065
Seed 5: BestCP = [1.         0.55719045 0.60611649], F ~= 0.164351034906651
Seed 6: BestCP = [1.         0.40364743 0.55957871], F ~= 0.26504280161237587
Seed 7: BestCP = [1.         0.56279187 0.55810869], F ~= 0.19758241486581868
Seed 8: BestCP = [1.         0.39871125 0.43759026], F ~= 0.17976852394607798
Seed 9: BestCP = [1.         0.5103146  0.55654289], F ~= 0.1979472223960924
Seed 10: BestCP = [1.         0.4877994  0.61753152], F ~= 0.23005590266441822
Seed 11: BestCP = [0.         0.48104737 0.40763764], F ~= 0.21160566829085523
Seed 12: BestCP = [1.         0.45361612 0.46814659], F ~= 0.1364205550430201
Seed 13: BestCP = [1.         0.56899583 0.5213835 ], F ~= 0.17324068202750725
Seed 14: BestCP = [2.         0.37408792 0.36515013], F ~= 0.1885358413860895
Seed 15: BestCP = [1.         0.46761151 0.63876986], F ~= 0.22240688977950157
Seed 16: BestCP = [0.         0.41555492 0.50408003], F ~= 0.2007640990230315
Seed 17: BestCP = [1.         0.39184051 0.52465905], F ~= 0.23522853199883179
