=== Nodo: host06 ===
CPUs: 16   Mem: 16384   Time: 'n/d'
Contenedor: /mnt/beegfs/home/mdroguett/Memoria/Evaluaci-n-Num-rica-de-la-Conjetura-de-Oertel-para-el-caso-unidimensional/ortel.sif
=========================
=== Lanzando experimentos seedless con 16 workers ===
Z=[0, 1, 2] | D=2 | N=300000 | N_cp=100 | N_hip=1000 | thr=0.18

>>> n_point=5 — 100 réplicas
[PROG] n_point=5: 1/100 (ok=0, err=1)
[PROG] n_point=5: 2/100 (ok=0, err=2)
[PROG] n_point=5: 3/100 (ok=0, err=3)
[PROG] n_point=5: 4/100 (ok=0, err=4)
[PROG] n_point=5: 5/100 (ok=0, err=5)
[PROG] n_point=5: 6/100 (ok=0, err=6)
[PROG] n_point=5: 7/100 (ok=0, err=7)
[PROG] n_point=5: 8/100 (ok=0, err=8)
[PROG] n_point=5: 9/100 (ok=0, err=9)
[PROG] n_point=5: 10/100 (ok=0, err=10)
[PROG] n_point=5: 11/100 (ok=0, err=11)
[PROG] n_point=5: 12/100 (ok=0, err=12)
[PROG] n_point=5: 13/100 (ok=0, err=13)
[PROG] n_point=5: 14/100 (ok=0, err=14)
[PROG] n_point=5: 15/100 (ok=0, err=15)
[PROG] n_point=5: 16/100 (ok=0, err=16)
[PROG] n_point=5: 17/100 (ok=0, err=17)
[PROG] n_point=5: 18/100 (ok=0, err=18)
[PROG] n_point=5: 19/100 (ok=0, err=19)
[PROG] n_point=5: 20/100 (ok=0, err=20)
[PROG] n_point=5: 21/100 (ok=0, err=21)
[PROG] n_point=5: 22/100 (ok=0, err=22)
[PROG] n_point=5: 23/100 (ok=0, err=23)
[PROG] n_point=5: 24/100 (ok=0, err=24)
[PROG] n_point=5: 25/100 (ok=0, err=25)
[PROG] n_point=5: 26/100 (ok=0, err=26)
[PROG] n_point=5: 27/100 (ok=0, err=27)
[PROG] n_point=5: 28/100 (ok=0, err=28)
[PROG] n_point=5: 29/100 (ok=0, err=29)
[PROG] n_point=5: 30/100 (ok=0, err=30)
[PROG] n_point=5: 31/100 (ok=0, err=31)
[PROG] n_point=5: 32/100 (ok=0, err=32)
[PROG] n_point=5: 33/100 (ok=0, err=33)
[PROG] n_point=5: 34/100 (ok=0, err=34)
[PROG] n_point=5: 35/100 (ok=0, err=35)
[PROG] n_point=5: 36/100 (ok=0, err=36)
[PROG] n_point=5: 37/100 (ok=0, err=37)
[PROG] n_point=5: 38/100 (ok=0, err=38)
[PROG] n_point=5: 39/100 (ok=0, err=39)
[PROG] n_point=5: 40/100 (ok=0, err=40)
[PROG] n_point=5: 41/100 (ok=0, err=41)
[PROG] n_point=5: 42/100 (ok=0, err=42)
[PROG] n_point=5: 43/100 (ok=0, err=43)
[PROG] n_point=5: 44/100 (ok=0, err=44)
[PROG] n_point=5: 45/100 (ok=0, err=45)
[PROG] n_point=5: 46/100 (ok=0, err=46)
[PROG] n_point=5: 47/100 (ok=0, err=47)
[PROG] n_point=5: 48/100 (ok=0, err=48)
[PROG] n_point=5: 49/100 (ok=0, err=49)
[PROG] n_point=5: 50/100 (ok=0, err=50)
[PROG] n_point=5: 51/100 (ok=0, err=51)
[PROG] n_point=5: 52/100 (ok=0, err=52)
[PROG] n_point=5: 53/100 (ok=0, err=53)
[PROG] n_point=5: 54/100 (ok=0, err=54)
[PROG] n_point=5: 55/100 (ok=0, err=55)
[PROG] n_point=5: 56/100 (ok=0, err=56)
[PROG] n_point=5: 57/100 (ok=0, err=57)
[PROG] n_point=5: 58/100 (ok=0, err=58)
[PROG] n_point=5: 59/100 (ok=0, err=59)
[PROG] n_point=5: 60/100 (ok=0, err=60)
[PROG] n_point=5: 61/100 (ok=0, err=61)
[PROG] n_point=5: 62/100 (ok=0, err=62)
[PROG] n_point=5: 63/100 (ok=0, err=63)
[PROG] n_point=5: 64/100 (ok=0, err=64)
[PROG] n_point=5: 65/100 (ok=0, err=65)
[PROG] n_point=5: 66/100 (ok=0, err=66)
[PROG] n_point=5: 67/100 (ok=0, err=67)
[PROG] n_point=5: 68/100 (ok=0, err=68)
[PROG] n_point=5: 69/100 (ok=0, err=69)
[PROG] n_point=5: 70/100 (ok=0, err=70)
[PROG] n_point=5: 71/100 (ok=0, err=71)
[PROG] n_point=5: 72/100 (ok=0, err=72)
[PROG] n_point=5: 73/100 (ok=0, err=73)
[PROG] n_point=5: 74/100 (ok=0, err=74)
[PROG] n_point=5: 75/100 (ok=0, err=75)
[PROG] n_point=5: 76/100 (ok=0, err=76)
[PROG] n_point=5: 77/100 (ok=0, err=77)
[PROG] n_point=5: 78/100 (ok=0, err=78)
[PROG] n_point=5: 79/100 (ok=0, err=79)
[PROG] n_point=5: 80/100 (ok=0, err=80)
[PROG] n_point=5: 81/100 (ok=0, err=81)
[PROG] n_point=5: 82/100 (ok=0, err=82)
[PROG] n_point=5: 83/100 (ok=0, err=83)
[PROG] n_point=5: 84/100 (ok=0, err=84)
[PROG] n_point=5: 85/100 (ok=0, err=85)
[PROG] n_point=5: 86/100 (ok=0, err=86)
[PROG] n_point=5: 87/100 (ok=0, err=87)
[PROG] n_point=5: 88/100 (ok=0, err=88)
[PROG] n_point=5: 89/100 (ok=0, err=89)
[PROG] n_point=5: 90/100 (ok=0, err=90)
[PROG] n_point=5: 91/100 (ok=0, err=91)
[PROG] n_point=5: 92/100 (ok=0, err=92)
[PROG] n_point=5: 93/100 (ok=0, err=93)
[PROG] n_point=5: 94/100 (ok=0, err=94)
[PROG] n_point=5: 95/100 (ok=0, err=95)
[PROG] n_point=5: 96/100 (ok=0, err=96)
[PROG] n_point=5: 97/100 (ok=0, err=97)
[PROG] n_point=5: 98/100 (ok=0, err=98)
[PROG] n_point=5: 99/100 (ok=0, err=99)
[PROG] n_point=5: 100/100 (ok=0, err=100)
[DONE] n_point=5: ok=0, err=100

>>> n_point=8 — 100 réplicas
[PROG] n_point=8: 1/100 (ok=0, err=1)
[PROG] n_point=8: 2/100 (ok=0, err=2)
[PROG] n_point=8: 3/100 (ok=0, err=3)
[PROG] n_point=8: 4/100 (ok=0, err=4)
[PROG] n_point=8: 5/100 (ok=0, err=5)
[PROG] n_point=8: 6/100 (ok=0, err=6)
[PROG] n_point=8: 7/100 (ok=0, err=7)
[PROG] n_point=8: 8/100 (ok=0, err=8)
[PROG] n_point=8: 9/100 (ok=0, err=9)
[PROG] n_point=8: 10/100 (ok=0, err=10)
[PROG] n_point=8: 11/100 (ok=0, err=11)
[PROG] n_point=8: 12/100 (ok=0, err=12)
[PROG] n_point=8: 13/100 (ok=0, err=13)
[PROG] n_point=8: 14/100 (ok=0, err=14)
[PROG] n_point=8: 15/100 (ok=0, err=15)
[PROG] n_point=8: 16/100 (ok=0, err=16)
[PROG] n_point=8: 17/100 (ok=0, err=17)
[PROG] n_point=8: 18/100 (ok=0, err=18)
[PROG] n_point=8: 19/100 (ok=0, err=19)
[PROG] n_point=8: 20/100 (ok=0, err=20)
[PROG] n_point=8: 21/100 (ok=0, err=21)
[PROG] n_point=8: 22/100 (ok=0, err=22)
[PROG] n_point=8: 23/100 (ok=0, err=23)
[PROG] n_point=8: 24/100 (ok=0, err=24)
[PROG] n_point=8: 25/100 (ok=0, err=25)
[PROG] n_point=8: 26/100 (ok=0, err=26)
[PROG] n_point=8: 27/100 (ok=0, err=27)
[PROG] n_point=8: 28/100 (ok=0, err=28)
[PROG] n_point=8: 29/100 (ok=0, err=29)
[PROG] n_point=8: 30/100 (ok=0, err=30)
[PROG] n_point=8: 31/100 (ok=0, err=31)
[PROG] n_point=8: 32/100 (ok=0, err=32)
[PROG] n_point=8: 33/100 (ok=0, err=33)
[PROG] n_point=8: 34/100 (ok=0, err=34)
[PROG] n_point=8: 35/100 (ok=0, err=35)
[PROG] n_point=8: 36/100 (ok=0, err=36)
[PROG] n_point=8: 37/100 (ok=0, err=37)
[PROG] n_point=8: 38/100 (ok=0, err=38)
[PROG] n_point=8: 39/100 (ok=0, err=39)
[PROG] n_point=8: 40/100 (ok=0, err=40)
[PROG] n_point=8: 41/100 (ok=0, err=41)
[PROG] n_point=8: 42/100 (ok=0, err=42)
[PROG] n_point=8: 43/100 (ok=0, err=43)
[PROG] n_point=8: 44/100 (ok=0, err=44)
[PROG] n_point=8: 45/100 (ok=0, err=45)
[PROG] n_point=8: 46/100 (ok=0, err=46)
[PROG] n_point=8: 47/100 (ok=0, err=47)
[PROG] n_point=8: 48/100 (ok=0, err=48)
[PROG] n_point=8: 49/100 (ok=0, err=49)
[PROG] n_point=8: 50/100 (ok=0, err=50)
[PROG] n_point=8: 51/100 (ok=0, err=51)
[PROG] n_point=8: 52/100 (ok=0, err=52)
[PROG] n_point=8: 53/100 (ok=0, err=53)
[PROG] n_point=8: 54/100 (ok=0, err=54)
[PROG] n_point=8: 55/100 (ok=0, err=55)
[PROG] n_point=8: 56/100 (ok=0, err=56)
[PROG] n_point=8: 57/100 (ok=0, err=57)
[PROG] n_point=8: 58/100 (ok=0, err=58)
[PROG] n_point=8: 59/100 (ok=0, err=59)
[PROG] n_point=8: 60/100 (ok=0, err=60)
[PROG] n_point=8: 61/100 (ok=0, err=61)
[PROG] n_point=8: 62/100 (ok=0, err=62)
[PROG] n_point=8: 63/100 (ok=0, err=63)
[PROG] n_point=8: 64/100 (ok=0, err=64)
[PROG] n_point=8: 65/100 (ok=0, err=65)
[PROG] n_point=8: 66/100 (ok=0, err=66)
[PROG] n_point=8: 67/100 (ok=0, err=67)
[PROG] n_point=8: 68/100 (ok=0, err=68)
[PROG] n_point=8: 69/100 (ok=0, err=69)
[PROG] n_point=8: 70/100 (ok=0, err=70)
[PROG] n_point=8: 71/100 (ok=0, err=71)
[PROG] n_point=8: 72/100 (ok=0, err=72)
[PROG] n_point=8: 73/100 (ok=0, err=73)
[PROG] n_point=8: 74/100 (ok=0, err=74)
[PROG] n_point=8: 75/100 (ok=0, err=75)
[PROG] n_point=8: 76/100 (ok=0, err=76)
[PROG] n_point=8: 77/100 (ok=0, err=77)
[PROG] n_point=8: 78/100 (ok=0, err=78)
[PROG] n_point=8: 79/100 (ok=0, err=79)
[PROG] n_point=8: 80/100 (ok=0, err=80)
[PROG] n_point=8: 81/100 (ok=0, err=81)
[PROG] n_point=8: 82/100 (ok=0, err=82)
[PROG] n_point=8: 83/100 (ok=0, err=83)
[PROG] n_point=8: 84/100 (ok=0, err=84)
[PROG] n_point=8: 85/100 (ok=0, err=85)
[PROG] n_point=8: 86/100 (ok=0, err=86)
[PROG] n_point=8: 87/100 (ok=0, err=87)
[PROG] n_point=8: 88/100 (ok=0, err=88)
[PROG] n_point=8: 89/100 (ok=0, err=89)
[PROG] n_point=8: 90/100 (ok=0, err=90)
[PROG] n_point=8: 91/100 (ok=0, err=91)
[PROG] n_point=8: 92/100 (ok=0, err=92)
[PROG] n_point=8: 93/100 (ok=0, err=93)
[PROG] n_point=8: 94/100 (ok=0, err=94)
[PROG] n_point=8: 95/100 (ok=0, err=95)
[PROG] n_point=8: 96/100 (ok=0, err=96)
[PROG] n_point=8: 97/100 (ok=0, err=97)
[PROG] n_point=8: 98/100 (ok=0, err=98)
[PROG] n_point=8: 99/100 (ok=0, err=99)
[PROG] n_point=8: 100/100 (ok=0, err=100)
[DONE] n_point=8: ok=0, err=100

>>> n_point=11 — 50 réplicas
[PROG] n_point=11: 1/50 (ok=0, err=1)
[PROG] n_point=11: 2/50 (ok=0, err=2)
[PROG] n_point=11: 3/50 (ok=0, err=3)
[PROG] n_point=11: 4/50 (ok=0, err=4)
[PROG] n_point=11: 5/50 (ok=0, err=5)
[PROG] n_point=11: 6/50 (ok=0, err=6)
[PROG] n_point=11: 7/50 (ok=0, err=7)
[PROG] n_point=11: 8/50 (ok=0, err=8)
[PROG] n_point=11: 9/50 (ok=0, err=9)
[PROG] n_point=11: 10/50 (ok=0, err=10)
[PROG] n_point=11: 11/50 (ok=0, err=11)
[PROG] n_point=11: 12/50 (ok=0, err=12)
[PROG] n_point=11: 13/50 (ok=0, err=13)
[PROG] n_point=11: 14/50 (ok=0, err=14)
[PROG] n_point=11: 15/50 (ok=0, err=15)
[PROG] n_point=11: 16/50 (ok=0, err=16)
[PROG] n_point=11: 17/50 (ok=0, err=17)
[PROG] n_point=11: 18/50 (ok=0, err=18)
[PROG] n_point=11: 19/50 (ok=0, err=19)
[PROG] n_point=11: 20/50 (ok=0, err=20)
[PROG] n_point=11: 21/50 (ok=0, err=21)
[PROG] n_point=11: 22/50 (ok=0, err=22)
[PROG] n_point=11: 23/50 (ok=0, err=23)
[PROG] n_point=11: 24/50 (ok=0, err=24)
[PROG] n_point=11: 25/50 (ok=0, err=25)
[PROG] n_point=11: 26/50 (ok=0, err=26)
[PROG] n_point=11: 27/50 (ok=0, err=27)
[PROG] n_point=11: 28/50 (ok=0, err=28)
[PROG] n_point=11: 29/50 (ok=0, err=29)
[PROG] n_point=11: 30/50 (ok=0, err=30)
[PROG] n_point=11: 31/50 (ok=0, err=31)
[PROG] n_point=11: 32/50 (ok=0, err=32)
[PROG] n_point=11: 33/50 (ok=0, err=33)
[PROG] n_point=11: 34/50 (ok=0, err=34)
[PROG] n_point=11: 35/50 (ok=0, err=35)
[PROG] n_point=11: 36/50 (ok=0, err=36)
[PROG] n_point=11: 37/50 (ok=0, err=37)
[PROG] n_point=11: 38/50 (ok=0, err=38)
[PROG] n_point=11: 39/50 (ok=0, err=39)
[PROG] n_point=11: 40/50 (ok=0, err=40)
[PROG] n_point=11: 41/50 (ok=0, err=41)
[PROG] n_point=11: 42/50 (ok=0, err=42)
[PROG] n_point=11: 43/50 (ok=0, err=43)
[PROG] n_point=11: 44/50 (ok=0, err=44)
[PROG] n_point=11: 45/50 (ok=0, err=45)
[PROG] n_point=11: 46/50 (ok=0, err=46)
[PROG] n_point=11: 47/50 (ok=0, err=47)
[PROG] n_point=11: 48/50 (ok=0, err=48)
[PROG] n_point=11: 49/50 (ok=0, err=49)
[PROG] n_point=11: 50/50 (ok=0, err=50)
[DONE] n_point=11: ok=0, err=50

>>> n_point=15 — 25 réplicas
[PROG] n_point=15: 1/25 (ok=0, err=1)
[PROG] n_point=15: 2/25 (ok=0, err=2)
[PROG] n_point=15: 3/25 (ok=0, err=3)
[PROG] n_point=15: 4/25 (ok=0, err=4)
[PROG] n_point=15: 5/25 (ok=0, err=5)
[PROG] n_point=15: 6/25 (ok=0, err=6)
[PROG] n_point=15: 7/25 (ok=0, err=7)
[PROG] n_point=15: 8/25 (ok=0, err=8)
[PROG] n_point=15: 9/25 (ok=0, err=9)
[PROG] n_point=15: 10/25 (ok=0, err=10)
[PROG] n_point=15: 11/25 (ok=0, err=11)
[PROG] n_point=15: 12/25 (ok=0, err=12)
[PROG] n_point=15: 13/25 (ok=0, err=13)
[PROG] n_point=15: 14/25 (ok=0, err=14)
[PROG] n_point=15: 15/25 (ok=0, err=15)
[PROG] n_point=15: 16/25 (ok=0, err=16)
[PROG] n_point=15: 17/25 (ok=0, err=17)
[PROG] n_point=15: 18/25 (ok=0, err=18)
[PROG] n_point=15: 19/25 (ok=0, err=19)
[PROG] n_point=15: 20/25 (ok=0, err=20)
[PROG] n_point=15: 21/25 (ok=0, err=21)
[PROG] n_point=15: 22/25 (ok=0, err=22)
[PROG] n_point=15: 23/25 (ok=0, err=23)
[PROG] n_point=15: 24/25 (ok=0, err=24)
[PROG] n_point=15: 25/25 (ok=0, err=25)
[DONE] n_point=15: ok=0, err=25

>>> n_point=20 — 25 réplicas
[PROG] n_point=20: 1/25 (ok=0, err=1)
[PROG] n_point=20: 2/25 (ok=0, err=2)
[PROG] n_point=20: 3/25 (ok=0, err=3)
[PROG] n_point=20: 4/25 (ok=0, err=4)
[PROG] n_point=20: 5/25 (ok=0, err=5)
[PROG] n_point=20: 6/25 (ok=0, err=6)
[PROG] n_point=20: 7/25 (ok=0, err=7)
[PROG] n_point=20: 8/25 (ok=0, err=8)
[PROG] n_point=20: 9/25 (ok=0, err=9)
[PROG] n_point=20: 10/25 (ok=0, err=10)
[PROG] n_point=20: 11/25 (ok=0, err=11)
[PROG] n_point=20: 12/25 (ok=0, err=12)
[PROG] n_point=20: 13/25 (ok=0, err=13)
[PROG] n_point=20: 14/25 (ok=0, err=14)
[PROG] n_point=20: 15/25 (ok=0, err=15)
[PROG] n_point=20: 16/25 (ok=0, err=16)
[PROG] n_point=20: 17/25 (ok=0, err=17)
[PROG] n_point=20: 18/25 (ok=0, err=18)
[PROG] n_point=20: 19/25 (ok=0, err=19)
[PROG] n_point=20: 20/25 (ok=0, err=20)
[PROG] n_point=20: 21/25 (ok=0, err=21)
[PROG] n_point=20: 22/25 (ok=0, err=22)
[PROG] n_point=20: 23/25 (ok=0, err=23)
[PROG] n_point=20: 24/25 (ok=0, err=24)
[PROG] n_point=20: 25/25 (ok=0, err=25)
[DONE] n_point=20: ok=0, err=25

=== TODO COMPLETADO ===
=== FIN OK ===
